{"/Users/pm/bin/claudeCode/bank-insights-hub-62/backend/src/config/database.ts": {"path":"/Users/pm/bin/claudeCode/bank-insights-hub-62/backend/src/config/database.ts","statementMap":{"0":{"start":{"line":4,"column":0},"end":{"line":4,"column":null}},"1":{"start":{"line":8,"column":20},"end":{"line":9,"column":null}},"2":{"start":{"line":13,"column":24},"end":{"line":23,"column":null}},"3":{"start":{"line":26,"column":0},"end":{"line":31,"column":null}},"4":{"start":{"line":27,"column":2},"end":{"line":30,"column":null}},"5":{"start":{"line":33,"column":13},"end":{"line":33,"column":null}},"6":{"start":{"line":36,"column":0},"end":{"line":42,"column":null}},"7":{"start":{"line":38,"column":4},"end":{"line":38,"column":null}},"8":{"start":{"line":41,"column":4},"end":{"line":41,"column":null}},"9":{"start":{"line":45,"column":0},"end":{"line":47,"column":null}},"10":{"start":{"line":46,"column":2},"end":{"line":46,"column":null}}},"fnMap":{"0":{"name":"(anonymous_0)","decl":{"start":{"line":37,"column":8},"end":{"line":37,"column":14}},"loc":{"start":{"line":37,"column":14},"end":{"line":39,"column":3}},"line":37},"1":{"name":"(anonymous_1)","decl":{"start":{"line":40,"column":9},"end":{"line":40,"column":10}},"loc":{"start":{"line":40,"column":18},"end":{"line":42,"column":3}},"line":40},"2":{"name":"(anonymous_2)","decl":{"start":{"line":45,"column":25},"end":{"line":45,"column":37}},"loc":{"start":{"line":45,"column":37},"end":{"line":47,"column":1}},"line":45}},"branchMap":{"0":{"loc":{"start":{"line":8,"column":20},"end":{"line":9,"column":null}},"type":"binary-expr","locations":[{"start":{"line":8,"column":20},"end":{"line":8,"column":null}},{"start":{"line":9,"column":20},"end":{"line":9,"column":null}}],"line":8},"1":{"loc":{"start":{"line":14,"column":8},"end":{"line":14,"column":null}},"type":"binary-expr","locations":[{"start":{"line":14,"column":8},"end":{"line":14,"column":31}},{"start":{"line":14,"column":31},"end":{"line":14,"column":null}}],"line":14},"2":{"loc":{"start":{"line":15,"column":17},"end":{"line":15,"column":46}},"type":"binary-expr","locations":[{"start":{"line":15,"column":17},"end":{"line":15,"column":40}},{"start":{"line":15,"column":40},"end":{"line":15,"column":46}}],"line":15},"3":{"loc":{"start":{"line":16,"column":12},"end":{"line":16,"column":null}},"type":"binary-expr","locations":[{"start":{"line":16,"column":12},"end":{"line":16,"column":35}},{"start":{"line":16,"column":35},"end":{"line":16,"column":null}}],"line":16},"4":{"loc":{"start":{"line":17,"column":8},"end":{"line":17,"column":null}},"type":"binary-expr","locations":[{"start":{"line":17,"column":8},"end":{"line":17,"column":31}},{"start":{"line":17,"column":31},"end":{"line":17,"column":null}}],"line":17},"5":{"loc":{"start":{"line":18,"column":12},"end":{"line":18,"column":null}},"type":"binary-expr","locations":[{"start":{"line":18,"column":12},"end":{"line":18,"column":39}},{"start":{"line":18,"column":39},"end":{"line":18,"column":null}}],"line":18},"6":{"loc":{"start":{"line":26,"column":0},"end":{"line":31,"column":null}},"type":"if","locations":[{"start":{"line":26,"column":0},"end":{"line":31,"column":null}},{"start":{},"end":{}}],"line":26}},"s":{"0":2,"1":2,"2":2,"3":2,"4":2,"5":2,"6":2,"7":1,"8":0,"9":2,"10":0},"f":{"0":1,"1":0,"2":0},"b":{"0":[2,2],"1":[2,2],"2":[2,2],"3":[2,2],"4":[2,2],"5":[2,2],"6":[2,0]},"meta":{"lastBranch":7,"lastFunction":3,"lastStatement":11,"seen":{"s:4:0:4:Infinity":0,"s:8:20:9:Infinity":1,"b:8:20:8:Infinity:9:20:9:Infinity":0,"s:13:24:23:Infinity":2,"b:14:8:14:31:14:31:14:Infinity":1,"b:15:17:15:40:15:40:15:46":2,"b:16:12:16:35:16:35:16:Infinity":3,"b:17:8:17:31:17:31:17:Infinity":4,"b:18:12:18:39:18:39:18:Infinity":5,"b:26:0:31:Infinity:undefined:undefined:undefined:undefined":6,"s:26:0:31:Infinity":3,"s:27:2:30:Infinity":4,"s:33:13:33:Infinity":5,"s:36:0:42:Infinity":6,"f:37:8:37:14":0,"s:38:4:38:Infinity":7,"f:40:9:40:10":1,"s:41:4:41:Infinity":8,"s:45:0:47:Infinity":9,"f:45:25:45:37":2,"s:46:2:46:Infinity":10}}}
,"/Users/pm/bin/claudeCode/bank-insights-hub-62/backend/src/services/mart/base/periodService.ts": {"path":"/Users/pm/bin/claudeCode/bank-insights-hub-62/backend/src/services/mart/base/periodService.ts","statementMap":{"0":{"start":{"line":60,"column":15},"end":{"line":60,"column":null}},"1":{"start":{"line":61,"column":16},"end":{"line":61,"column":null}},"2":{"start":{"line":62,"column":14},"end":{"line":62,"column":null}},"3":{"start":{"line":63,"column":2},"end":{"line":63,"column":null}},"4":{"start":{"line":210,"column":2},"end":{"line":214,"column":null}}},"fnMap":{"0":{"name":"formatDateForSQL","decl":{"start":{"line":59,"column":16},"end":{"line":59,"column":33}},"loc":{"start":{"line":59,"column":53},"end":{"line":64,"column":null}},"line":59},"1":{"name":"getPeriodDates","decl":{"start":{"line":136,"column":22},"end":{"line":136,"column":61}},"loc":{"start":{"line":136,"column":61},"end":{"line":215,"column":null}},"line":136}},"branchMap":{},"s":{"0":5,"1":5,"2":5,"3":5,"4":3},"f":{"0":5,"1":3},"b":{},"meta":{"lastBranch":0,"lastFunction":2,"lastStatement":5,"seen":{"f:59:16:59:33":0,"s:60:15:60:Infinity":0,"s:61:16:61:Infinity":1,"s:62:14:62:Infinity":2,"s:63:2:63:Infinity":3,"f:136:22:136:61":1,"s:210:2:214:Infinity":4}}}
,"/Users/pm/bin/claudeCode/bank-insights-hub-62/backend/src/services/queryBuilder/builder.ts": {"path":"/Users/pm/bin/claudeCode/bank-insights-hub-62/backend/src/services/queryBuilder/builder.ts","statementMap":{"0":{"start":{"line":24,"column":4},"end":{"line":24,"column":null}},"1":{"start":{"line":25,"column":4},"end":{"line":25,"column":null}},"2":{"start":{"line":35,"column":4},"end":{"line":38,"column":null}},"3":{"start":{"line":37,"column":6},"end":{"line":37,"column":null}},"4":{"start":{"line":40,"column":17},"end":{"line":40,"column":null}},"5":{"start":{"line":41,"column":18},"end":{"line":41,"column":null}},"6":{"start":{"line":43,"column":4},"end":{"line":45,"column":null}},"7":{"start":{"line":44,"column":6},"end":{"line":44,"column":null}},"8":{"start":{"line":47,"column":22},"end":{"line":47,"column":null}},"9":{"start":{"line":48,"column":4},"end":{"line":48,"column":null}},"10":{"start":{"line":56,"column":4},"end":{"line":60,"column":null}},"11":{"start":{"line":57,"column":6},"end":{"line":59,"column":null}},"12":{"start":{"line":58,"column":8},"end":{"line":58,"column":null}},"13":{"start":{"line":68,"column":2},"end":{"line":68,"column":null}},"14":{"start":{"line":76,"column":2},"end":{"line":76,"column":null}},"15":{"start":{"line":89,"column":2},"end":{"line":91,"column":null}},"16":{"start":{"line":90,"column":4},"end":{"line":90,"column":null}},"17":{"start":{"line":94,"column":2},"end":{"line":106,"column":null}},"18":{"start":{"line":95,"column":4},"end":{"line":105,"column":null}},"19":{"start":{"line":96,"column":6},"end":{"line":96,"column":null}},"20":{"start":{"line":97,"column":4},"end":{"line":105,"column":null}},"21":{"start":{"line":98,"column":6},"end":{"line":98,"column":null}},"22":{"start":{"line":99,"column":4},"end":{"line":105,"column":null}},"23":{"start":{"line":100,"column":6},"end":{"line":100,"column":null}},"24":{"start":{"line":101,"column":4},"end":{"line":105,"column":null}},"25":{"start":{"line":102,"column":6},"end":{"line":102,"column":null}},"26":{"start":{"line":104,"column":6},"end":{"line":104,"column":null}},"27":{"start":{"line":108,"column":2},"end":{"line":136,"column":null}},"28":{"start":{"line":110,"column":6},"end":{"line":110,"column":null}},"29":{"start":{"line":114,"column":23},"end":{"line":114,"column":null}},"30":{"start":{"line":115,"column":6},"end":{"line":117,"column":null}},"31":{"start":{"line":116,"column":8},"end":{"line":116,"column":null}},"32":{"start":{"line":118,"column":6},"end":{"line":118,"column":null}},"33":{"start":{"line":121,"column":6},"end":{"line":121,"column":null}},"34":{"start":{"line":125,"column":19},"end":{"line":125,"column":null}},"35":{"start":{"line":126,"column":6},"end":{"line":128,"column":null}},"36":{"start":{"line":127,"column":8},"end":{"line":127,"column":null}},"37":{"start":{"line":129,"column":19},"end":{"line":129,"column":null}},"38":{"start":{"line":130,"column":20},"end":{"line":130,"column":null}},"39":{"start":{"line":131,"column":18},"end":{"line":131,"column":null}},"40":{"start":{"line":132,"column":6},"end":{"line":132,"column":null}},"41":{"start":{"line":135,"column":6},"end":{"line":135,"column":null}},"42":{"start":{"line":146,"column":32},"end":{"line":146,"column":null}},"43":{"start":{"line":148,"column":2},"end":{"line":208,"column":null}},"44":{"start":{"line":149,"column":4},"end":{"line":207,"column":null}},"45":{"start":{"line":151,"column":22},"end":{"line":151,"column":null}},"46":{"start":{"line":152,"column":22},"end":{"line":152,"column":null}},"47":{"start":{"line":153,"column":8},"end":{"line":153,"column":null}},"48":{"start":{"line":154,"column":8},"end":{"line":154,"column":null}},"49":{"start":{"line":158,"column":25},"end":{"line":158,"column":null}},"50":{"start":{"line":159,"column":25},"end":{"line":159,"column":null}},"51":{"start":{"line":160,"column":22},"end":{"line":160,"column":null}},"52":{"start":{"line":161,"column":22},"end":{"line":161,"column":null}},"53":{"start":{"line":162,"column":8},"end":{"line":162,"column":null}},"54":{"start":{"line":163,"column":8},"end":{"line":163,"column":null}},"55":{"start":{"line":167,"column":25},"end":{"line":167,"column":null}},"56":{"start":{"line":168,"column":26},"end":{"line":168,"column":null}},"57":{"start":{"line":172,"column":8},"end":{"line":190,"column":null}},"58":{"start":{"line":173,"column":10},"end":{"line":173,"column":null}},"59":{"start":{"line":174,"column":8},"end":{"line":190,"column":null}},"60":{"start":{"line":175,"column":10},"end":{"line":175,"column":null}},"61":{"start":{"line":176,"column":8},"end":{"line":190,"column":null}},"62":{"start":{"line":177,"column":26},"end":{"line":177,"column":null}},"63":{"start":{"line":177,"column":70},"end":{"line":177,"column":93}},"64":{"start":{"line":178,"column":10},"end":{"line":178,"column":null}},"65":{"start":{"line":179,"column":8},"end":{"line":190,"column":null}},"66":{"start":{"line":180,"column":31},"end":{"line":180,"column":null}},"67":{"start":{"line":181,"column":28},"end":{"line":181,"column":null}},"68":{"start":{"line":182,"column":26},"end":{"line":182,"column":null}},"69":{"start":{"line":183,"column":10},"end":{"line":183,"column":null}},"70":{"start":{"line":186,"column":29},"end":{"line":186,"column":null}},"71":{"start":{"line":187,"column":27},"end":{"line":187,"column":null}},"72":{"start":{"line":188,"column":21},"end":{"line":188,"column":null}},"73":{"start":{"line":189,"column":10},"end":{"line":189,"column":null}},"74":{"start":{"line":193,"column":26},"end":{"line":193,"column":null}},"75":{"start":{"line":194,"column":25},"end":{"line":196,"column":null}},"76":{"start":{"line":198,"column":22},"end":{"line":198,"column":null}},"77":{"start":{"line":199,"column":8},"end":{"line":201,"column":null}},"78":{"start":{"line":202,"column":8},"end":{"line":202,"column":null}},"79":{"start":{"line":206,"column":8},"end":{"line":206,"column":null}},"80":{"start":{"line":210,"column":2},"end":{"line":210,"column":null}},"81":{"start":{"line":220,"column":31},"end":{"line":220,"column":null}},"82":{"start":{"line":221,"column":18},"end":{"line":221,"column":null}},"83":{"start":{"line":223,"column":2},"end":{"line":245,"column":null}},"84":{"start":{"line":224,"column":18},"end":{"line":224,"column":null}},"85":{"start":{"line":226,"column":4},"end":{"line":244,"column":null}},"86":{"start":{"line":227,"column":6},"end":{"line":227,"column":null}},"87":{"start":{"line":228,"column":4},"end":{"line":244,"column":null}},"88":{"start":{"line":229,"column":6},"end":{"line":229,"column":null}},"89":{"start":{"line":230,"column":4},"end":{"line":244,"column":null}},"90":{"start":{"line":231,"column":22},"end":{"line":231,"column":null}},"91":{"start":{"line":231,"column":61},"end":{"line":231,"column":84}},"92":{"start":{"line":232,"column":6},"end":{"line":232,"column":null}},"93":{"start":{"line":233,"column":4},"end":{"line":244,"column":null}},"94":{"start":{"line":234,"column":27},"end":{"line":234,"column":null}},"95":{"start":{"line":235,"column":24},"end":{"line":235,"column":null}},"96":{"start":{"line":236,"column":22},"end":{"line":236,"column":null}},"97":{"start":{"line":237,"column":6},"end":{"line":237,"column":null}},"98":{"start":{"line":240,"column":25},"end":{"line":240,"column":null}},"99":{"start":{"line":241,"column":23},"end":{"line":241,"column":null}},"100":{"start":{"line":242,"column":17},"end":{"line":242,"column":null}},"101":{"start":{"line":243,"column":6},"end":{"line":243,"column":null}},"102":{"start":{"line":247,"column":2},"end":{"line":247,"column":null}},"103":{"start":{"line":254,"column":2},"end":{"line":254,"column":null}},"104":{"start":{"line":254,"column":32},"end":{"line":254,"column":55}},"105":{"start":{"line":261,"column":2},"end":{"line":267,"column":null}},"106":{"start":{"line":263,"column":20},"end":{"line":263,"column":null}},"107":{"start":{"line":264,"column":24},"end":{"line":264,"column":null}},"108":{"start":{"line":265,"column":6},"end":{"line":265,"column":null}},"109":{"start":{"line":282,"column":22},"end":{"line":282,"column":null}},"110":{"start":{"line":284,"column":2},"end":{"line":406,"column":null}},"111":{"start":{"line":286,"column":27},"end":{"line":286,"column":null}},"112":{"start":{"line":289,"column":4},"end":{"line":312,"column":null}},"113":{"start":{"line":290,"column":6},"end":{"line":311,"column":null}},"114":{"start":{"line":291,"column":8},"end":{"line":310,"column":null}},"115":{"start":{"line":292,"column":10},"end":{"line":309,"column":null}},"116":{"start":{"line":293,"column":12},"end":{"line":297,"column":null}},"117":{"start":{"line":294,"column":14},"end":{"line":296,"column":null}},"118":{"start":{"line":295,"column":16},"end":{"line":295,"column":null}},"119":{"start":{"line":298,"column":10},"end":{"line":309,"column":null}},"120":{"start":{"line":299,"column":12},"end":{"line":301,"column":null}},"121":{"start":{"line":300,"column":14},"end":{"line":300,"column":null}},"122":{"start":{"line":302,"column":10},"end":{"line":309,"column":null}},"123":{"start":{"line":303,"column":12},"end":{"line":305,"column":null}},"124":{"start":{"line":304,"column":14},"end":{"line":304,"column":null}},"125":{"start":{"line":306,"column":12},"end":{"line":308,"column":null}},"126":{"start":{"line":307,"column":14},"end":{"line":307,"column":null}},"127":{"start":{"line":315,"column":4},"end":{"line":338,"column":null}},"128":{"start":{"line":316,"column":6},"end":{"line":337,"column":null}},"129":{"start":{"line":317,"column":8},"end":{"line":336,"column":null}},"130":{"start":{"line":318,"column":10},"end":{"line":335,"column":null}},"131":{"start":{"line":319,"column":12},"end":{"line":323,"column":null}},"132":{"start":{"line":320,"column":14},"end":{"line":322,"column":null}},"133":{"start":{"line":321,"column":16},"end":{"line":321,"column":null}},"134":{"start":{"line":324,"column":10},"end":{"line":335,"column":null}},"135":{"start":{"line":325,"column":12},"end":{"line":327,"column":null}},"136":{"start":{"line":326,"column":14},"end":{"line":326,"column":null}},"137":{"start":{"line":328,"column":10},"end":{"line":335,"column":null}},"138":{"start":{"line":329,"column":12},"end":{"line":331,"column":null}},"139":{"start":{"line":330,"column":14},"end":{"line":330,"column":null}},"140":{"start":{"line":332,"column":12},"end":{"line":334,"column":null}},"141":{"start":{"line":333,"column":14},"end":{"line":333,"column":null}},"142":{"start":{"line":341,"column":4},"end":{"line":341,"column":null}},"143":{"start":{"line":344,"column":25},"end":{"line":344,"column":null}},"144":{"start":{"line":347,"column":19},"end":{"line":347,"column":null}},"145":{"start":{"line":348,"column":18},"end":{"line":348,"column":null}},"146":{"start":{"line":349,"column":23},"end":{"line":349,"column":null}},"147":{"start":{"line":352,"column":22},"end":{"line":352,"column":null}},"148":{"start":{"line":353,"column":4},"end":{"line":356,"column":null}},"149":{"start":{"line":354,"column":29},"end":{"line":354,"column":null}},"150":{"start":{"line":355,"column":6},"end":{"line":355,"column":null}},"151":{"start":{"line":359,"column":24},"end":{"line":359,"column":null}},"152":{"start":{"line":360,"column":4},"end":{"line":362,"column":null}},"153":{"start":{"line":361,"column":6},"end":{"line":361,"column":null}},"154":{"start":{"line":365,"column":24},"end":{"line":365,"column":null}},"155":{"start":{"line":366,"column":4},"end":{"line":368,"column":null}},"156":{"start":{"line":367,"column":6},"end":{"line":367,"column":null}},"157":{"start":{"line":371,"column":22},"end":{"line":371,"column":null}},"158":{"start":{"line":372,"column":4},"end":{"line":374,"column":null}},"159":{"start":{"line":373,"column":6},"end":{"line":373,"column":null}},"160":{"start":{"line":377,"column":23},"end":{"line":377,"column":null}},"161":{"start":{"line":378,"column":4},"end":{"line":380,"column":null}},"162":{"start":{"line":379,"column":6},"end":{"line":379,"column":null}},"163":{"start":{"line":383,"column":21},"end":{"line":391,"column":null}},"164":{"start":{"line":391,"column":23},"end":{"line":391,"column":34}},"165":{"start":{"line":393,"column":20},"end":{"line":393,"column":null}},"166":{"start":{"line":396,"column":4},"end":{"line":398,"column":null}},"167":{"start":{"line":397,"column":6},"end":{"line":397,"column":null}},"168":{"start":{"line":400,"column":4},"end":{"line":400,"column":null}},"169":{"start":{"line":402,"column":4},"end":{"line":404,"column":null}},"170":{"start":{"line":403,"column":6},"end":{"line":403,"column":null}},"171":{"start":{"line":405,"column":4},"end":{"line":405,"column":null}},"172":{"start":{"line":419,"column":29},"end":{"line":419,"column":null}},"173":{"start":{"line":420,"column":28},"end":{"line":420,"column":null}},"174":{"start":{"line":421,"column":27},"end":{"line":421,"column":null}},"175":{"start":{"line":424,"column":2},"end":{"line":428,"column":null}},"176":{"start":{"line":425,"column":4},"end":{"line":427,"column":null}},"177":{"start":{"line":426,"column":6},"end":{"line":426,"column":null}},"178":{"start":{"line":431,"column":2},"end":{"line":435,"column":null}},"179":{"start":{"line":432,"column":4},"end":{"line":434,"column":null}},"180":{"start":{"line":433,"column":6},"end":{"line":433,"column":null}},"181":{"start":{"line":438,"column":2},"end":{"line":447,"column":null}},"182":{"start":{"line":439,"column":33},"end":{"line":439,"column":null}},"183":{"start":{"line":440,"column":4},"end":{"line":442,"column":null}},"184":{"start":{"line":441,"column":6},"end":{"line":441,"column":null}},"185":{"start":{"line":443,"column":4},"end":{"line":445,"column":null}},"186":{"start":{"line":444,"column":6},"end":{"line":444,"column":null}},"187":{"start":{"line":446,"column":4},"end":{"line":446,"column":null}},"188":{"start":{"line":463,"column":2},"end":{"line":473,"column":null}},"189":{"start":{"line":464,"column":4},"end":{"line":464,"column":null}},"190":{"start":{"line":465,"column":4},"end":{"line":467,"column":null}},"191":{"start":{"line":466,"column":6},"end":{"line":466,"column":null}},"192":{"start":{"line":469,"column":4},"end":{"line":471,"column":null}},"193":{"start":{"line":470,"column":6},"end":{"line":470,"column":null}},"194":{"start":{"line":472,"column":4},"end":{"line":472,"column":null}},"195":{"start":{"line":476,"column":30},"end":{"line":476,"column":null}},"196":{"start":{"line":477,"column":2},"end":{"line":479,"column":null}},"197":{"start":{"line":478,"column":4},"end":{"line":478,"column":null}},"198":{"start":{"line":482,"column":2},"end":{"line":484,"column":null}},"199":{"start":{"line":483,"column":4},"end":{"line":483,"column":null}},"200":{"start":{"line":487,"column":25},"end":{"line":487,"column":null}},"201":{"start":{"line":490,"column":2},"end":{"line":513,"column":null}},"202":{"start":{"line":491,"column":4},"end":{"line":512,"column":null}},"203":{"start":{"line":492,"column":6},"end":{"line":511,"column":null}},"204":{"start":{"line":493,"column":8},"end":{"line":510,"column":null}},"205":{"start":{"line":494,"column":10},"end":{"line":498,"column":null}},"206":{"start":{"line":495,"column":12},"end":{"line":497,"column":null}},"207":{"start":{"line":496,"column":14},"end":{"line":496,"column":null}},"208":{"start":{"line":499,"column":8},"end":{"line":510,"column":null}},"209":{"start":{"line":500,"column":10},"end":{"line":502,"column":null}},"210":{"start":{"line":501,"column":12},"end":{"line":501,"column":null}},"211":{"start":{"line":503,"column":8},"end":{"line":510,"column":null}},"212":{"start":{"line":504,"column":10},"end":{"line":506,"column":null}},"213":{"start":{"line":505,"column":12},"end":{"line":505,"column":null}},"214":{"start":{"line":507,"column":10},"end":{"line":509,"column":null}},"215":{"start":{"line":508,"column":12},"end":{"line":508,"column":null}},"216":{"start":{"line":516,"column":2},"end":{"line":539,"column":null}},"217":{"start":{"line":517,"column":4},"end":{"line":538,"column":null}},"218":{"start":{"line":518,"column":6},"end":{"line":537,"column":null}},"219":{"start":{"line":519,"column":8},"end":{"line":536,"column":null}},"220":{"start":{"line":520,"column":10},"end":{"line":524,"column":null}},"221":{"start":{"line":521,"column":12},"end":{"line":523,"column":null}},"222":{"start":{"line":522,"column":14},"end":{"line":522,"column":null}},"223":{"start":{"line":525,"column":8},"end":{"line":536,"column":null}},"224":{"start":{"line":526,"column":10},"end":{"line":528,"column":null}},"225":{"start":{"line":527,"column":12},"end":{"line":527,"column":null}},"226":{"start":{"line":529,"column":8},"end":{"line":536,"column":null}},"227":{"start":{"line":530,"column":10},"end":{"line":532,"column":null}},"228":{"start":{"line":531,"column":12},"end":{"line":531,"column":null}},"229":{"start":{"line":533,"column":10},"end":{"line":535,"column":null}},"230":{"start":{"line":534,"column":12},"end":{"line":534,"column":null}},"231":{"start":{"line":542,"column":2},"end":{"line":542,"column":null}},"232":{"start":{"line":545,"column":2},"end":{"line":545,"column":null}}},"fnMap":{"0":{"name":"(anonymous_0)","decl":{"start":{"line":20,"column":2},"end":{"line":20,"column":null}},"loc":{"start":{"line":23,"column":4},"end":{"line":26,"column":null}},"line":23},"1":{"name":"(anonymous_1)","decl":{"start":{"line":33,"column":2},"end":{"line":33,"column":11}},"loc":{"start":{"line":33,"column":42},"end":{"line":49,"column":null}},"line":33},"2":{"name":"(anonymous_2)","decl":{"start":{"line":55,"column":2},"end":{"line":55,"column":25}},"loc":{"start":{"line":55,"column":57},"end":{"line":61,"column":null}},"line":55},"3":{"name":"escapeIdentifier","decl":{"start":{"line":67,"column":9},"end":{"line":67,"column":26}},"loc":{"start":{"line":67,"column":54},"end":{"line":69,"column":null}},"line":67},"4":{"name":"escapeStringValue","decl":{"start":{"line":74,"column":9},"end":{"line":74,"column":27}},"loc":{"start":{"line":74,"column":50},"end":{"line":77,"column":null}},"line":74},"5":{"name":"formatValueForSQL","decl":{"start":{"line":85,"column":9},"end":{"line":85,"column":null}},"loc":{"start":{"line":88,"column":10},"end":{"line":137,"column":null}},"line":88},"6":{"name":"buildSelect","decl":{"start":{"line":142,"column":9},"end":{"line":142,"column":null}},"loc":{"start":{"line":145,"column":10},"end":{"line":211,"column":null}},"line":145},"7":{"name":"(anonymous_7)","decl":{"start":{"line":177,"column":63},"end":{"line":177,"column":64}},"loc":{"start":{"line":177,"column":70},"end":{"line":177,"column":93}},"line":177},"8":{"name":"buildWhere","decl":{"start":{"line":216,"column":9},"end":{"line":216,"column":null}},"loc":{"start":{"line":219,"column":10},"end":{"line":248,"column":null}},"line":219},"9":{"name":"(anonymous_9)","decl":{"start":{"line":231,"column":54},"end":{"line":231,"column":55}},"loc":{"start":{"line":231,"column":61},"end":{"line":231,"column":84}},"line":231},"10":{"name":"buildGroupBy","decl":{"start":{"line":253,"column":9},"end":{"line":253,"column":22}},"loc":{"start":{"line":253,"column":49},"end":{"line":255,"column":null}},"line":253},"11":{"name":"(anonymous_11)","decl":{"start":{"line":254,"column":21},"end":{"line":254,"column":22}},"loc":{"start":{"line":254,"column":32},"end":{"line":254,"column":55}},"line":254},"12":{"name":"buildOrderBy","decl":{"start":{"line":260,"column":9},"end":{"line":260,"column":22}},"loc":{"start":{"line":260,"column":92},"end":{"line":268,"column":null}},"line":260},"13":{"name":"(anonymous_13)","decl":{"start":{"line":262,"column":9},"end":{"line":262,"column":10}},"loc":{"start":{"line":262,"column":19},"end":{"line":266,"column":5}},"line":262},"14":{"name":"buildQuery","decl":{"start":{"line":277,"column":16},"end":{"line":277,"column":null}},"loc":{"start":{"line":281,"column":10},"end":{"line":407,"column":null}},"line":281},"15":{"name":"(anonymous_15)","decl":{"start":{"line":293,"column":36},"end":{"line":293,"column":37}},"loc":{"start":{"line":293,"column":43},"end":{"line":297,"column":13}},"line":293},"16":{"name":"(anonymous_16)","decl":{"start":{"line":319,"column":31},"end":{"line":319,"column":32}},"loc":{"start":{"line":319,"column":38},"end":{"line":323,"column":13}},"line":319},"17":{"name":"(anonymous_17)","decl":{"start":{"line":391,"column":13},"end":{"line":391,"column":14}},"loc":{"start":{"line":391,"column":23},"end":{"line":391,"column":34}},"line":391},"18":{"name":"validateParams","decl":{"start":{"line":415,"column":9},"end":{"line":415,"column":null}},"loc":{"start":{"line":418,"column":8},"end":{"line":448,"column":null}},"line":418},"19":{"name":"buildQueryFromId","decl":{"start":{"line":457,"column":22},"end":{"line":457,"column":null}},"loc":{"start":{"line":460,"column":19},"end":{"line":546,"column":null}},"line":460},"20":{"name":"(anonymous_20)","decl":{"start":{"line":494,"column":34},"end":{"line":494,"column":35}},"loc":{"start":{"line":494,"column":41},"end":{"line":498,"column":11}},"line":494},"21":{"name":"(anonymous_21)","decl":{"start":{"line":520,"column":29},"end":{"line":520,"column":30}},"loc":{"start":{"line":520,"column":36},"end":{"line":524,"column":11}},"line":520}},"branchMap":{"0":{"loc":{"start":{"line":35,"column":4},"end":{"line":38,"column":null}},"type":"if","locations":[{"start":{"line":35,"column":4},"end":{"line":38,"column":null}},{"start":{},"end":{}}],"line":35},"1":{"loc":{"start":{"line":35,"column":8},"end":{"line":35,"column":69}},"type":"binary-expr","locations":[{"start":{"line":35,"column":8},"end":{"line":35,"column":41}},{"start":{"line":35,"column":41},"end":{"line":35,"column":69}}],"line":35},"2":{"loc":{"start":{"line":43,"column":4},"end":{"line":45,"column":null}},"type":"if","locations":[{"start":{"line":43,"column":4},"end":{"line":45,"column":null}},{"start":{},"end":{}}],"line":43},"3":{"loc":{"start":{"line":57,"column":6},"end":{"line":59,"column":null}},"type":"if","locations":[{"start":{"line":57,"column":6},"end":{"line":59,"column":null}},{"start":{},"end":{}}],"line":57},"4":{"loc":{"start":{"line":89,"column":2},"end":{"line":91,"column":null}},"type":"if","locations":[{"start":{"line":89,"column":2},"end":{"line":91,"column":null}},{"start":{},"end":{}}],"line":89},"5":{"loc":{"start":{"line":89,"column":6},"end":{"line":89,"column":45}},"type":"binary-expr","locations":[{"start":{"line":89,"column":6},"end":{"line":89,"column":24}},{"start":{"line":89,"column":24},"end":{"line":89,"column":45}}],"line":89},"6":{"loc":{"start":{"line":94,"column":2},"end":{"line":106,"column":null}},"type":"if","locations":[{"start":{"line":94,"column":2},"end":{"line":106,"column":null}},{"start":{},"end":{}}],"line":94},"7":{"loc":{"start":{"line":95,"column":4},"end":{"line":105,"column":null}},"type":"if","locations":[{"start":{"line":95,"column":4},"end":{"line":105,"column":null}},{"start":{"line":97,"column":4},"end":{"line":105,"column":null}}],"line":95},"8":{"loc":{"start":{"line":97,"column":4},"end":{"line":105,"column":null}},"type":"if","locations":[{"start":{"line":97,"column":4},"end":{"line":105,"column":null}},{"start":{"line":99,"column":4},"end":{"line":105,"column":null}}],"line":97},"9":{"loc":{"start":{"line":99,"column":4},"end":{"line":105,"column":null}},"type":"if","locations":[{"start":{"line":99,"column":4},"end":{"line":105,"column":null}},{"start":{"line":101,"column":4},"end":{"line":105,"column":null}}],"line":99},"10":{"loc":{"start":{"line":101,"column":4},"end":{"line":105,"column":null}},"type":"if","locations":[{"start":{"line":101,"column":4},"end":{"line":105,"column":null}},{"start":{"line":103,"column":11},"end":{"line":105,"column":null}}],"line":101},"11":{"loc":{"start":{"line":108,"column":2},"end":{"line":136,"column":null}},"type":"switch","locations":[{"start":{"line":109,"column":4},"end":{"line":110,"column":null}},{"start":{"line":112,"column":4},"end":{"line":118,"column":null}},{"start":{"line":120,"column":4},"end":{"line":121,"column":null}},{"start":{"line":123,"column":4},"end":{"line":132,"column":null}},{"start":{"line":134,"column":4},"end":{"line":135,"column":null}}],"line":108},"12":{"loc":{"start":{"line":114,"column":23},"end":{"line":114,"column":null}},"type":"cond-expr","locations":[{"start":{"line":114,"column":51},"end":{"line":114,"column":59}},{"start":{"line":114,"column":59},"end":{"line":114,"column":null}}],"line":114},"13":{"loc":{"start":{"line":115,"column":6},"end":{"line":117,"column":null}},"type":"if","locations":[{"start":{"line":115,"column":6},"end":{"line":117,"column":null}},{"start":{},"end":{}}],"line":115},"14":{"loc":{"start":{"line":121,"column":13},"end":{"line":121,"column":null}},"type":"cond-expr","locations":[{"start":{"line":121,"column":30},"end":{"line":121,"column":39}},{"start":{"line":121,"column":39},"end":{"line":121,"column":null}}],"line":121},"15":{"loc":{"start":{"line":125,"column":19},"end":{"line":125,"column":null}},"type":"cond-expr","locations":[{"start":{"line":125,"column":43},"end":{"line":125,"column":51}},{"start":{"line":125,"column":51},"end":{"line":125,"column":null}}],"line":125},"16":{"loc":{"start":{"line":126,"column":6},"end":{"line":128,"column":null}},"type":"if","locations":[{"start":{"line":126,"column":6},"end":{"line":128,"column":null}},{"start":{},"end":{}}],"line":126},"17":{"loc":{"start":{"line":149,"column":4},"end":{"line":207,"column":null}},"type":"switch","locations":[{"start":{"line":150,"column":6},"end":{"line":155,"column":null}},{"start":{"line":157,"column":6},"end":{"line":164,"column":null}},{"start":{"line":166,"column":6},"end":{"line":203,"column":null}},{"start":{"line":205,"column":6},"end":{"line":206,"column":null}}],"line":149},"18":{"loc":{"start":{"line":152,"column":22},"end":{"line":152,"column":null}},"type":"cond-expr","locations":[{"start":{"line":152,"column":32},"end":{"line":152,"column":69}},{"start":{"line":152,"column":69},"end":{"line":152,"column":null}}],"line":152},"19":{"loc":{"start":{"line":159,"column":25},"end":{"line":159,"column":null}},"type":"cond-expr","locations":[{"start":{"line":159,"column":41},"end":{"line":159,"column":55}},{"start":{"line":159,"column":55},"end":{"line":159,"column":null}}],"line":159},"20":{"loc":{"start":{"line":161,"column":22},"end":{"line":161,"column":null}},"type":"cond-expr","locations":[{"start":{"line":161,"column":32},"end":{"line":161,"column":69}},{"start":{"line":161,"column":69},"end":{"line":161,"column":null}}],"line":161},"21":{"loc":{"start":{"line":172,"column":8},"end":{"line":190,"column":null}},"type":"if","locations":[{"start":{"line":172,"column":8},"end":{"line":190,"column":null}},{"start":{"line":174,"column":8},"end":{"line":190,"column":null}}],"line":172},"22":{"loc":{"start":{"line":174,"column":8},"end":{"line":190,"column":null}},"type":"if","locations":[{"start":{"line":174,"column":8},"end":{"line":190,"column":null}},{"start":{"line":176,"column":8},"end":{"line":190,"column":null}}],"line":174},"23":{"loc":{"start":{"line":176,"column":8},"end":{"line":190,"column":null}},"type":"if","locations":[{"start":{"line":176,"column":8},"end":{"line":190,"column":null}},{"start":{"line":179,"column":8},"end":{"line":190,"column":null}}],"line":176},"24":{"loc":{"start":{"line":179,"column":8},"end":{"line":190,"column":null}},"type":"if","locations":[{"start":{"line":179,"column":8},"end":{"line":190,"column":null}},{"start":{"line":184,"column":15},"end":{"line":190,"column":null}}],"line":179},"25":{"loc":{"start":{"line":194,"column":25},"end":{"line":196,"column":null}},"type":"cond-expr","locations":[{"start":{"line":195,"column":12},"end":{"line":195,"column":null}},{"start":{"line":196,"column":12},"end":{"line":196,"column":null}}],"line":194},"26":{"loc":{"start":{"line":198,"column":22},"end":{"line":198,"column":null}},"type":"cond-expr","locations":[{"start":{"line":198,"column":32},"end":{"line":198,"column":69}},{"start":{"line":198,"column":69},"end":{"line":198,"column":null}}],"line":198},"27":{"loc":{"start":{"line":226,"column":4},"end":{"line":244,"column":null}},"type":"if","locations":[{"start":{"line":226,"column":4},"end":{"line":244,"column":null}},{"start":{"line":228,"column":4},"end":{"line":244,"column":null}}],"line":226},"28":{"loc":{"start":{"line":228,"column":4},"end":{"line":244,"column":null}},"type":"if","locations":[{"start":{"line":228,"column":4},"end":{"line":244,"column":null}},{"start":{"line":230,"column":4},"end":{"line":244,"column":null}}],"line":228},"29":{"loc":{"start":{"line":230,"column":4},"end":{"line":244,"column":null}},"type":"if","locations":[{"start":{"line":230,"column":4},"end":{"line":244,"column":null}},{"start":{"line":233,"column":4},"end":{"line":244,"column":null}}],"line":230},"30":{"loc":{"start":{"line":233,"column":4},"end":{"line":244,"column":null}},"type":"if","locations":[{"start":{"line":233,"column":4},"end":{"line":244,"column":null}},{"start":{"line":238,"column":11},"end":{"line":244,"column":null}}],"line":233},"31":{"loc":{"start":{"line":280,"column":2},"end":{"line":280,"column":null}},"type":"default-arg","locations":[{"start":{"line":280,"column":22},"end":{"line":280,"column":null}}],"line":280},"32":{"loc":{"start":{"line":290,"column":6},"end":{"line":311,"column":null}},"type":"if","locations":[{"start":{"line":290,"column":6},"end":{"line":311,"column":null}},{"start":{},"end":{}}],"line":290},"33":{"loc":{"start":{"line":291,"column":8},"end":{"line":310,"column":null}},"type":"if","locations":[{"start":{"line":291,"column":8},"end":{"line":310,"column":null}},{"start":{},"end":{}}],"line":291},"34":{"loc":{"start":{"line":292,"column":10},"end":{"line":309,"column":null}},"type":"if","locations":[{"start":{"line":292,"column":10},"end":{"line":309,"column":null}},{"start":{"line":298,"column":10},"end":{"line":309,"column":null}}],"line":292},"35":{"loc":{"start":{"line":294,"column":14},"end":{"line":296,"column":null}},"type":"if","locations":[{"start":{"line":294,"column":14},"end":{"line":296,"column":null}},{"start":{},"end":{}}],"line":294},"36":{"loc":{"start":{"line":294,"column":18},"end":{"line":294,"column":62}},"type":"binary-expr","locations":[{"start":{"line":294,"column":18},"end":{"line":294,"column":43}},{"start":{"line":294,"column":43},"end":{"line":294,"column":62}}],"line":294},"37":{"loc":{"start":{"line":298,"column":10},"end":{"line":309,"column":null}},"type":"if","locations":[{"start":{"line":298,"column":10},"end":{"line":309,"column":null}},{"start":{"line":302,"column":10},"end":{"line":309,"column":null}}],"line":298},"38":{"loc":{"start":{"line":299,"column":12},"end":{"line":301,"column":null}},"type":"if","locations":[{"start":{"line":299,"column":12},"end":{"line":301,"column":null}},{"start":{},"end":{}}],"line":299},"39":{"loc":{"start":{"line":302,"column":10},"end":{"line":309,"column":null}},"type":"if","locations":[{"start":{"line":302,"column":10},"end":{"line":309,"column":null}},{"start":{},"end":{}}],"line":302},"40":{"loc":{"start":{"line":302,"column":21},"end":{"line":302,"column":86}},"type":"binary-expr","locations":[{"start":{"line":302,"column":21},"end":{"line":302,"column":60}},{"start":{"line":302,"column":60},"end":{"line":302,"column":86}}],"line":302},"41":{"loc":{"start":{"line":303,"column":12},"end":{"line":305,"column":null}},"type":"if","locations":[{"start":{"line":303,"column":12},"end":{"line":305,"column":null}},{"start":{},"end":{}}],"line":303},"42":{"loc":{"start":{"line":303,"column":16},"end":{"line":303,"column":98}},"type":"binary-expr","locations":[{"start":{"line":303,"column":16},"end":{"line":303,"column":60}},{"start":{"line":303,"column":60},"end":{"line":303,"column":98}}],"line":303},"43":{"loc":{"start":{"line":306,"column":12},"end":{"line":308,"column":null}},"type":"if","locations":[{"start":{"line":306,"column":12},"end":{"line":308,"column":null}},{"start":{},"end":{}}],"line":306},"44":{"loc":{"start":{"line":306,"column":16},"end":{"line":306,"column":94}},"type":"binary-expr","locations":[{"start":{"line":306,"column":16},"end":{"line":306,"column":58}},{"start":{"line":306,"column":58},"end":{"line":306,"column":94}}],"line":306},"45":{"loc":{"start":{"line":315,"column":4},"end":{"line":338,"column":null}},"type":"if","locations":[{"start":{"line":315,"column":4},"end":{"line":338,"column":null}},{"start":{},"end":{}}],"line":315},"46":{"loc":{"start":{"line":317,"column":8},"end":{"line":336,"column":null}},"type":"if","locations":[{"start":{"line":317,"column":8},"end":{"line":336,"column":null}},{"start":{},"end":{}}],"line":317},"47":{"loc":{"start":{"line":318,"column":10},"end":{"line":335,"column":null}},"type":"if","locations":[{"start":{"line":318,"column":10},"end":{"line":335,"column":null}},{"start":{"line":324,"column":10},"end":{"line":335,"column":null}}],"line":318},"48":{"loc":{"start":{"line":320,"column":14},"end":{"line":322,"column":null}},"type":"if","locations":[{"start":{"line":320,"column":14},"end":{"line":322,"column":null}},{"start":{},"end":{}}],"line":320},"49":{"loc":{"start":{"line":320,"column":18},"end":{"line":320,"column":62}},"type":"binary-expr","locations":[{"start":{"line":320,"column":18},"end":{"line":320,"column":43}},{"start":{"line":320,"column":43},"end":{"line":320,"column":62}}],"line":320},"50":{"loc":{"start":{"line":324,"column":10},"end":{"line":335,"column":null}},"type":"if","locations":[{"start":{"line":324,"column":10},"end":{"line":335,"column":null}},{"start":{"line":328,"column":10},"end":{"line":335,"column":null}}],"line":324},"51":{"loc":{"start":{"line":325,"column":12},"end":{"line":327,"column":null}},"type":"if","locations":[{"start":{"line":325,"column":12},"end":{"line":327,"column":null}},{"start":{},"end":{}}],"line":325},"52":{"loc":{"start":{"line":328,"column":10},"end":{"line":335,"column":null}},"type":"if","locations":[{"start":{"line":328,"column":10},"end":{"line":335,"column":null}},{"start":{},"end":{}}],"line":328},"53":{"loc":{"start":{"line":329,"column":12},"end":{"line":331,"column":null}},"type":"if","locations":[{"start":{"line":329,"column":12},"end":{"line":331,"column":null}},{"start":{},"end":{}}],"line":329},"54":{"loc":{"start":{"line":329,"column":16},"end":{"line":329,"column":88}},"type":"binary-expr","locations":[{"start":{"line":329,"column":16},"end":{"line":329,"column":55}},{"start":{"line":329,"column":55},"end":{"line":329,"column":88}}],"line":329},"55":{"loc":{"start":{"line":332,"column":12},"end":{"line":334,"column":null}},"type":"if","locations":[{"start":{"line":332,"column":12},"end":{"line":334,"column":null}},{"start":{},"end":{}}],"line":332},"56":{"loc":{"start":{"line":332,"column":16},"end":{"line":332,"column":84}},"type":"binary-expr","locations":[{"start":{"line":332,"column":16},"end":{"line":332,"column":53}},{"start":{"line":332,"column":53},"end":{"line":332,"column":84}}],"line":332},"57":{"loc":{"start":{"line":353,"column":4},"end":{"line":356,"column":null}},"type":"if","locations":[{"start":{"line":353,"column":4},"end":{"line":356,"column":null}},{"start":{},"end":{}}],"line":353},"58":{"loc":{"start":{"line":360,"column":4},"end":{"line":362,"column":null}},"type":"if","locations":[{"start":{"line":360,"column":4},"end":{"line":362,"column":null}},{"start":{},"end":{}}],"line":360},"59":{"loc":{"start":{"line":360,"column":8},"end":{"line":360,"column":53}},"type":"binary-expr","locations":[{"start":{"line":360,"column":8},"end":{"line":360,"column":26}},{"start":{"line":360,"column":26},"end":{"line":360,"column":53}}],"line":360},"60":{"loc":{"start":{"line":366,"column":4},"end":{"line":368,"column":null}},"type":"if","locations":[{"start":{"line":366,"column":4},"end":{"line":368,"column":null}},{"start":{},"end":{}}],"line":366},"61":{"loc":{"start":{"line":366,"column":8},"end":{"line":366,"column":53}},"type":"binary-expr","locations":[{"start":{"line":366,"column":8},"end":{"line":366,"column":26}},{"start":{"line":366,"column":26},"end":{"line":366,"column":53}}],"line":366},"62":{"loc":{"start":{"line":372,"column":4},"end":{"line":374,"column":null}},"type":"if","locations":[{"start":{"line":372,"column":4},"end":{"line":374,"column":null}},{"start":{},"end":{}}],"line":372},"63":{"loc":{"start":{"line":378,"column":4},"end":{"line":380,"column":null}},"type":"if","locations":[{"start":{"line":378,"column":4},"end":{"line":380,"column":null}},{"start":{},"end":{}}],"line":378},"64":{"loc":{"start":{"line":396,"column":4},"end":{"line":398,"column":null}},"type":"if","locations":[{"start":{"line":396,"column":4},"end":{"line":398,"column":null}},{"start":{},"end":{}}],"line":396},"65":{"loc":{"start":{"line":402,"column":4},"end":{"line":404,"column":null}},"type":"if","locations":[{"start":{"line":402,"column":4},"end":{"line":404,"column":null}},{"start":{},"end":{}}],"line":402},"66":{"loc":{"start":{"line":402,"column":8},"end":{"line":402,"column":70}},"type":"binary-expr","locations":[{"start":{"line":402,"column":8},"end":{"line":402,"column":34}},{"start":{"line":402,"column":34},"end":{"line":402,"column":70}}],"line":402},"67":{"loc":{"start":{"line":425,"column":4},"end":{"line":427,"column":null}},"type":"if","locations":[{"start":{"line":425,"column":4},"end":{"line":427,"column":null}},{"start":{},"end":{}}],"line":425},"68":{"loc":{"start":{"line":432,"column":4},"end":{"line":434,"column":null}},"type":"if","locations":[{"start":{"line":432,"column":4},"end":{"line":434,"column":null}},{"start":{},"end":{}}],"line":432},"69":{"loc":{"start":{"line":438,"column":2},"end":{"line":447,"column":null}},"type":"if","locations":[{"start":{"line":438,"column":2},"end":{"line":447,"column":null}},{"start":{},"end":{}}],"line":438},"70":{"loc":{"start":{"line":438,"column":6},"end":{"line":438,"column":47}},"type":"binary-expr","locations":[{"start":{"line":438,"column":6},"end":{"line":438,"column":28}},{"start":{"line":438,"column":28},"end":{"line":438,"column":47}}],"line":438},"71":{"loc":{"start":{"line":440,"column":4},"end":{"line":442,"column":null}},"type":"if","locations":[{"start":{"line":440,"column":4},"end":{"line":442,"column":null}},{"start":{},"end":{}}],"line":440},"72":{"loc":{"start":{"line":443,"column":4},"end":{"line":445,"column":null}},"type":"if","locations":[{"start":{"line":443,"column":4},"end":{"line":445,"column":null}},{"start":{},"end":{}}],"line":443},"73":{"loc":{"start":{"line":465,"column":4},"end":{"line":467,"column":null}},"type":"if","locations":[{"start":{"line":465,"column":4},"end":{"line":467,"column":null}},{"start":{},"end":{}}],"line":465},"74":{"loc":{"start":{"line":465,"column":8},"end":{"line":465,"column":80}},"type":"binary-expr","locations":[{"start":{"line":465,"column":8},"end":{"line":465,"column":38}},{"start":{"line":465,"column":38},"end":{"line":465,"column":57}},{"start":{"line":465,"column":57},"end":{"line":465,"column":80}}],"line":465},"75":{"loc":{"start":{"line":469,"column":4},"end":{"line":471,"column":null}},"type":"if","locations":[{"start":{"line":469,"column":4},"end":{"line":471,"column":null}},{"start":{},"end":{}}],"line":469},"76":{"loc":{"start":{"line":477,"column":2},"end":{"line":479,"column":null}},"type":"if","locations":[{"start":{"line":477,"column":2},"end":{"line":479,"column":null}},{"start":{},"end":{}}],"line":477},"77":{"loc":{"start":{"line":482,"column":2},"end":{"line":484,"column":null}},"type":"if","locations":[{"start":{"line":482,"column":2},"end":{"line":484,"column":null}},{"start":{},"end":{}}],"line":482},"78":{"loc":{"start":{"line":491,"column":4},"end":{"line":512,"column":null}},"type":"if","locations":[{"start":{"line":491,"column":4},"end":{"line":512,"column":null}},{"start":{},"end":{}}],"line":491},"79":{"loc":{"start":{"line":492,"column":6},"end":{"line":511,"column":null}},"type":"if","locations":[{"start":{"line":492,"column":6},"end":{"line":511,"column":null}},{"start":{},"end":{}}],"line":492},"80":{"loc":{"start":{"line":493,"column":8},"end":{"line":510,"column":null}},"type":"if","locations":[{"start":{"line":493,"column":8},"end":{"line":510,"column":null}},{"start":{"line":499,"column":8},"end":{"line":510,"column":null}}],"line":493},"81":{"loc":{"start":{"line":495,"column":12},"end":{"line":497,"column":null}},"type":"if","locations":[{"start":{"line":495,"column":12},"end":{"line":497,"column":null}},{"start":{},"end":{}}],"line":495},"82":{"loc":{"start":{"line":495,"column":16},"end":{"line":495,"column":60}},"type":"binary-expr","locations":[{"start":{"line":495,"column":16},"end":{"line":495,"column":41}},{"start":{"line":495,"column":41},"end":{"line":495,"column":60}}],"line":495},"83":{"loc":{"start":{"line":499,"column":8},"end":{"line":510,"column":null}},"type":"if","locations":[{"start":{"line":499,"column":8},"end":{"line":510,"column":null}},{"start":{"line":503,"column":8},"end":{"line":510,"column":null}}],"line":499},"84":{"loc":{"start":{"line":500,"column":10},"end":{"line":502,"column":null}},"type":"if","locations":[{"start":{"line":500,"column":10},"end":{"line":502,"column":null}},{"start":{},"end":{}}],"line":500},"85":{"loc":{"start":{"line":503,"column":8},"end":{"line":510,"column":null}},"type":"if","locations":[{"start":{"line":503,"column":8},"end":{"line":510,"column":null}},{"start":{},"end":{}}],"line":503},"86":{"loc":{"start":{"line":503,"column":19},"end":{"line":503,"column":84}},"type":"binary-expr","locations":[{"start":{"line":503,"column":19},"end":{"line":503,"column":58}},{"start":{"line":503,"column":58},"end":{"line":503,"column":84}}],"line":503},"87":{"loc":{"start":{"line":504,"column":10},"end":{"line":506,"column":null}},"type":"if","locations":[{"start":{"line":504,"column":10},"end":{"line":506,"column":null}},{"start":{},"end":{}}],"line":504},"88":{"loc":{"start":{"line":504,"column":14},"end":{"line":504,"column":96}},"type":"binary-expr","locations":[{"start":{"line":504,"column":14},"end":{"line":504,"column":58}},{"start":{"line":504,"column":58},"end":{"line":504,"column":96}}],"line":504},"89":{"loc":{"start":{"line":507,"column":10},"end":{"line":509,"column":null}},"type":"if","locations":[{"start":{"line":507,"column":10},"end":{"line":509,"column":null}},{"start":{},"end":{}}],"line":507},"90":{"loc":{"start":{"line":507,"column":14},"end":{"line":507,"column":92}},"type":"binary-expr","locations":[{"start":{"line":507,"column":14},"end":{"line":507,"column":56}},{"start":{"line":507,"column":56},"end":{"line":507,"column":92}}],"line":507},"91":{"loc":{"start":{"line":516,"column":2},"end":{"line":539,"column":null}},"type":"if","locations":[{"start":{"line":516,"column":2},"end":{"line":539,"column":null}},{"start":{},"end":{}}],"line":516},"92":{"loc":{"start":{"line":518,"column":6},"end":{"line":537,"column":null}},"type":"if","locations":[{"start":{"line":518,"column":6},"end":{"line":537,"column":null}},{"start":{},"end":{}}],"line":518},"93":{"loc":{"start":{"line":519,"column":8},"end":{"line":536,"column":null}},"type":"if","locations":[{"start":{"line":519,"column":8},"end":{"line":536,"column":null}},{"start":{"line":525,"column":8},"end":{"line":536,"column":null}}],"line":519},"94":{"loc":{"start":{"line":521,"column":12},"end":{"line":523,"column":null}},"type":"if","locations":[{"start":{"line":521,"column":12},"end":{"line":523,"column":null}},{"start":{},"end":{}}],"line":521},"95":{"loc":{"start":{"line":521,"column":16},"end":{"line":521,"column":60}},"type":"binary-expr","locations":[{"start":{"line":521,"column":16},"end":{"line":521,"column":41}},{"start":{"line":521,"column":41},"end":{"line":521,"column":60}}],"line":521},"96":{"loc":{"start":{"line":525,"column":8},"end":{"line":536,"column":null}},"type":"if","locations":[{"start":{"line":525,"column":8},"end":{"line":536,"column":null}},{"start":{"line":529,"column":8},"end":{"line":536,"column":null}}],"line":525},"97":{"loc":{"start":{"line":526,"column":10},"end":{"line":528,"column":null}},"type":"if","locations":[{"start":{"line":526,"column":10},"end":{"line":528,"column":null}},{"start":{},"end":{}}],"line":526},"98":{"loc":{"start":{"line":529,"column":8},"end":{"line":536,"column":null}},"type":"if","locations":[{"start":{"line":529,"column":8},"end":{"line":536,"column":null}},{"start":{},"end":{}}],"line":529},"99":{"loc":{"start":{"line":530,"column":10},"end":{"line":532,"column":null}},"type":"if","locations":[{"start":{"line":530,"column":10},"end":{"line":532,"column":null}},{"start":{},"end":{}}],"line":530},"100":{"loc":{"start":{"line":530,"column":14},"end":{"line":530,"column":86}},"type":"binary-expr","locations":[{"start":{"line":530,"column":14},"end":{"line":530,"column":53}},{"start":{"line":530,"column":53},"end":{"line":530,"column":86}}],"line":530},"101":{"loc":{"start":{"line":533,"column":10},"end":{"line":535,"column":null}},"type":"if","locations":[{"start":{"line":533,"column":10},"end":{"line":535,"column":null}},{"start":{},"end":{}}],"line":533},"102":{"loc":{"start":{"line":533,"column":14},"end":{"line":533,"column":82}},"type":"binary-expr","locations":[{"start":{"line":533,"column":14},"end":{"line":533,"column":51}},{"start":{"line":533,"column":51},"end":{"line":533,"column":82}}],"line":533}},"s":{"0":22,"1":22,"2":27,"3":1,"4":26,"5":26,"6":26,"7":0,"8":26,"9":27,"10":22,"11":25,"12":1,"13":112,"14":19,"15":26,"16":0,"17":26,"18":0,"19":0,"20":0,"21":0,"22":0,"23":0,"24":0,"25":0,"26":0,"27":26,"28":8,"29":4,"30":4,"31":0,"32":4,"33":4,"34":10,"35":10,"36":0,"37":10,"38":10,"39":10,"40":10,"41":0,"42":21,"43":21,"44":30,"45":22,"46":22,"47":22,"48":22,"49":3,"50":3,"51":3,"52":3,"53":3,"54":3,"55":5,"56":5,"57":5,"58":0,"59":5,"60":0,"61":5,"62":0,"63":0,"64":0,"65":5,"66":0,"67":0,"68":0,"69":0,"70":5,"71":5,"72":5,"73":5,"74":5,"75":5,"76":5,"77":5,"78":5,"79":0,"80":21,"81":16,"82":16,"83":16,"84":21,"85":21,"86":1,"87":20,"88":1,"89":19,"90":2,"91":4,"92":2,"93":17,"94":1,"95":1,"96":1,"97":1,"98":16,"99":16,"100":16,"101":16,"102":16,"103":3,"104":5,"105":3,"106":3,"107":3,"108":3,"109":22,"110":22,"111":22,"112":22,"113":31,"114":5,"115":5,"116":0,"117":0,"118":0,"119":5,"120":5,"121":5,"122":0,"123":0,"124":0,"125":0,"126":0,"127":22,"128":17,"129":22,"130":20,"131":2,"132":4,"133":4,"134":18,"135":17,"136":16,"137":1,"138":1,"139":1,"140":1,"141":1,"142":22,"143":22,"144":22,"145":22,"146":22,"147":22,"148":22,"149":16,"150":16,"151":20,"152":20,"153":3,"154":20,"155":20,"156":3,"157":20,"158":20,"159":2,"160":20,"161":20,"162":1,"163":20,"164":140,"165":20,"166":20,"167":7,"168":13,"169":2,"170":1,"171":1,"172":5,"173":5,"174":5,"175":5,"176":9,"177":3,"178":5,"179":7,"180":1,"181":5,"182":2,"183":2,"184":1,"185":2,"186":1,"187":2,"188":8,"189":8,"190":8,"191":0,"192":1,"193":1,"194":0,"195":7,"196":7,"197":1,"198":6,"199":1,"200":5,"201":5,"202":17,"203":9,"204":9,"205":0,"206":0,"207":0,"208":9,"209":9,"210":9,"211":0,"212":0,"213":0,"214":0,"215":0,"216":5,"217":3,"218":3,"219":3,"220":0,"221":0,"222":0,"223":3,"224":3,"225":0,"226":0,"227":0,"228":0,"229":0,"230":0,"231":5,"232":5},"f":{"0":22,"1":27,"2":22,"3":112,"4":19,"5":26,"6":21,"7":0,"8":16,"9":4,"10":3,"11":5,"12":3,"13":3,"14":22,"15":0,"16":4,"17":140,"18":5,"19":8,"20":0,"21":0},"b":{"0":[1,26],"1":[27,27],"2":[0,26],"3":[1,24],"4":[0,26],"5":[26,26],"6":[0,26],"7":[0,0],"8":[0,0],"9":[0,0],"10":[0,0],"11":[8,4,4,10,0],"12":[4,0],"13":[0,4],"14":[2,2],"15":[0,10],"16":[0,10],"17":[22,3,5,0],"18":[0,22],"19":[0,3],"20":[3,0],"21":[0,5],"22":[0,5],"23":[0,5],"24":[0,5],"25":[0,5],"26":[5,0],"27":[1,20],"28":[1,19],"29":[2,17],"30":[1,16],"31":[22],"32":[5,26],"33":[5,0],"34":[0,5],"35":[0,0],"36":[0,0],"37":[5,0],"38":[5,0],"39":[0,0],"40":[0,0],"41":[0,0],"42":[0,0],"43":[0,0],"44":[0,0],"45":[17,5],"46":[20,2],"47":[2,18],"48":[4,0],"49":[4,4],"50":[17,1],"51":[16,1],"52":[1,0],"53":[1,0],"54":[1,1],"55":[1,0],"56":[1,1],"57":[16,6],"58":[3,17],"59":[20,3],"60":[3,17],"61":[20,3],"62":[2,18],"63":[1,19],"64":[7,13],"65":[1,1],"66":[2,2],"67":[3,6],"68":[1,6],"69":[2,3],"70":[5,4],"71":[1,1],"72":[1,1],"73":[0,8],"74":[8,7,7],"75":[1,0],"76":[1,6],"77":[1,5],"78":[9,8],"79":[9,0],"80":[0,9],"81":[0,0],"82":[0,0],"83":[9,0],"84":[9,0],"85":[0,0],"86":[0,0],"87":[0,0],"88":[0,0],"89":[0,0],"90":[0,0],"91":[3,2],"92":[3,0],"93":[0,3],"94":[0,0],"95":[0,0],"96":[3,0],"97":[0,3],"98":[0,0],"99":[0,0],"100":[0,0],"101":[0,0],"102":[0,0]},"meta":{"lastBranch":103,"lastFunction":22,"lastStatement":233,"seen":{"f:20:2:20:Infinity":0,"s:24:4:24:Infinity":0,"s:25:4:25:Infinity":1,"f:33:2:33:11":1,"b:35:4:38:Infinity:undefined:undefined:undefined:undefined":0,"s:35:4:38:Infinity":2,"b:35:8:35:41:35:41:35:69":1,"s:37:6:37:Infinity":3,"s:40:17:40:Infinity":4,"s:41:18:41:Infinity":5,"b:43:4:45:Infinity:undefined:undefined:undefined:undefined":2,"s:43:4:45:Infinity":6,"s:44:6:44:Infinity":7,"s:47:22:47:Infinity":8,"s:48:4:48:Infinity":9,"f:55:2:55:25":2,"s:56:4:60:Infinity":10,"b:57:6:59:Infinity:undefined:undefined:undefined:undefined":3,"s:57:6:59:Infinity":11,"s:58:8:58:Infinity":12,"f:67:9:67:26":3,"s:68:2:68:Infinity":13,"f:74:9:74:27":4,"s:76:2:76:Infinity":14,"f:85:9:85:Infinity":5,"b:89:2:91:Infinity:undefined:undefined:undefined:undefined":4,"s:89:2:91:Infinity":15,"b:89:6:89:24:89:24:89:45":5,"s:90:4:90:Infinity":16,"b:94:2:106:Infinity:undefined:undefined:undefined:undefined":6,"s:94:2:106:Infinity":17,"b:95:4:105:Infinity:97:4:105:Infinity":7,"s:95:4:105:Infinity":18,"s:96:6:96:Infinity":19,"b:97:4:105:Infinity:99:4:105:Infinity":8,"s:97:4:105:Infinity":20,"s:98:6:98:Infinity":21,"b:99:4:105:Infinity:101:4:105:Infinity":9,"s:99:4:105:Infinity":22,"s:100:6:100:Infinity":23,"b:101:4:105:Infinity:103:11:105:Infinity":10,"s:101:4:105:Infinity":24,"s:102:6:102:Infinity":25,"s:104:6:104:Infinity":26,"b:109:4:110:Infinity:112:4:118:Infinity:120:4:121:Infinity:123:4:132:Infinity:134:4:135:Infinity":11,"s:108:2:136:Infinity":27,"s:110:6:110:Infinity":28,"s:114:23:114:Infinity":29,"b:114:51:114:59:114:59:114:Infinity":12,"b:115:6:117:Infinity:undefined:undefined:undefined:undefined":13,"s:115:6:117:Infinity":30,"s:116:8:116:Infinity":31,"s:118:6:118:Infinity":32,"s:121:6:121:Infinity":33,"b:121:30:121:39:121:39:121:Infinity":14,"s:125:19:125:Infinity":34,"b:125:43:125:51:125:51:125:Infinity":15,"b:126:6:128:Infinity:undefined:undefined:undefined:undefined":16,"s:126:6:128:Infinity":35,"s:127:8:127:Infinity":36,"s:129:19:129:Infinity":37,"s:130:20:130:Infinity":38,"s:131:18:131:Infinity":39,"s:132:6:132:Infinity":40,"s:135:6:135:Infinity":41,"f:142:9:142:Infinity":6,"s:146:32:146:Infinity":42,"s:148:2:208:Infinity":43,"b:150:6:155:Infinity:157:6:164:Infinity:166:6:203:Infinity:205:6:206:Infinity":17,"s:149:4:207:Infinity":44,"s:151:22:151:Infinity":45,"s:152:22:152:Infinity":46,"b:152:32:152:69:152:69:152:Infinity":18,"s:153:8:153:Infinity":47,"s:154:8:154:Infinity":48,"s:158:25:158:Infinity":49,"s:159:25:159:Infinity":50,"b:159:41:159:55:159:55:159:Infinity":19,"s:160:22:160:Infinity":51,"s:161:22:161:Infinity":52,"b:161:32:161:69:161:69:161:Infinity":20,"s:162:8:162:Infinity":53,"s:163:8:163:Infinity":54,"s:167:25:167:Infinity":55,"s:168:26:168:Infinity":56,"b:172:8:190:Infinity:174:8:190:Infinity":21,"s:172:8:190:Infinity":57,"s:173:10:173:Infinity":58,"b:174:8:190:Infinity:176:8:190:Infinity":22,"s:174:8:190:Infinity":59,"s:175:10:175:Infinity":60,"b:176:8:190:Infinity:179:8:190:Infinity":23,"s:176:8:190:Infinity":61,"s:177:26:177:Infinity":62,"f:177:63:177:64":7,"s:177:70:177:93":63,"s:178:10:178:Infinity":64,"b:179:8:190:Infinity:184:15:190:Infinity":24,"s:179:8:190:Infinity":65,"s:180:31:180:Infinity":66,"s:181:28:181:Infinity":67,"s:182:26:182:Infinity":68,"s:183:10:183:Infinity":69,"s:186:29:186:Infinity":70,"s:187:27:187:Infinity":71,"s:188:21:188:Infinity":72,"s:189:10:189:Infinity":73,"s:193:26:193:Infinity":74,"s:194:25:196:Infinity":75,"b:195:12:195:Infinity:196:12:196:Infinity":25,"s:198:22:198:Infinity":76,"b:198:32:198:69:198:69:198:Infinity":26,"s:199:8:201:Infinity":77,"s:202:8:202:Infinity":78,"s:206:8:206:Infinity":79,"s:210:2:210:Infinity":80,"f:216:9:216:Infinity":8,"s:220:31:220:Infinity":81,"s:221:18:221:Infinity":82,"s:223:2:245:Infinity":83,"s:224:18:224:Infinity":84,"b:226:4:244:Infinity:228:4:244:Infinity":27,"s:226:4:244:Infinity":85,"s:227:6:227:Infinity":86,"b:228:4:244:Infinity:230:4:244:Infinity":28,"s:228:4:244:Infinity":87,"s:229:6:229:Infinity":88,"b:230:4:244:Infinity:233:4:244:Infinity":29,"s:230:4:244:Infinity":89,"s:231:22:231:Infinity":90,"f:231:54:231:55":9,"s:231:61:231:84":91,"s:232:6:232:Infinity":92,"b:233:4:244:Infinity:238:11:244:Infinity":30,"s:233:4:244:Infinity":93,"s:234:27:234:Infinity":94,"s:235:24:235:Infinity":95,"s:236:22:236:Infinity":96,"s:237:6:237:Infinity":97,"s:240:25:240:Infinity":98,"s:241:23:241:Infinity":99,"s:242:17:242:Infinity":100,"s:243:6:243:Infinity":101,"s:247:2:247:Infinity":102,"f:253:9:253:22":10,"s:254:2:254:Infinity":103,"f:254:21:254:22":11,"s:254:32:254:55":104,"f:260:9:260:22":12,"s:261:2:267:Infinity":105,"f:262:9:262:10":13,"s:263:20:263:Infinity":106,"s:264:24:264:Infinity":107,"s:265:6:265:Infinity":108,"f:277:16:277:Infinity":14,"b:280:22:280:Infinity":31,"s:282:22:282:Infinity":109,"s:284:2:406:Infinity":110,"s:286:27:286:Infinity":111,"s:289:4:312:Infinity":112,"b:290:6:311:Infinity:undefined:undefined:undefined:undefined":32,"s:290:6:311:Infinity":113,"b:291:8:310:Infinity:undefined:undefined:undefined:undefined":33,"s:291:8:310:Infinity":114,"b:292:10:309:Infinity:298:10:309:Infinity":34,"s:292:10:309:Infinity":115,"s:293:12:297:Infinity":116,"f:293:36:293:37":15,"b:294:14:296:Infinity:undefined:undefined:undefined:undefined":35,"s:294:14:296:Infinity":117,"b:294:18:294:43:294:43:294:62":36,"s:295:16:295:Infinity":118,"b:298:10:309:Infinity:302:10:309:Infinity":37,"s:298:10:309:Infinity":119,"b:299:12:301:Infinity:undefined:undefined:undefined:undefined":38,"s:299:12:301:Infinity":120,"s:300:14:300:Infinity":121,"b:302:10:309:Infinity:undefined:undefined:undefined:undefined":39,"s:302:10:309:Infinity":122,"b:302:21:302:60:302:60:302:86":40,"b:303:12:305:Infinity:undefined:undefined:undefined:undefined":41,"s:303:12:305:Infinity":123,"b:303:16:303:60:303:60:303:98":42,"s:304:14:304:Infinity":124,"b:306:12:308:Infinity:undefined:undefined:undefined:undefined":43,"s:306:12:308:Infinity":125,"b:306:16:306:58:306:58:306:94":44,"s:307:14:307:Infinity":126,"b:315:4:338:Infinity:undefined:undefined:undefined:undefined":45,"s:315:4:338:Infinity":127,"s:316:6:337:Infinity":128,"b:317:8:336:Infinity:undefined:undefined:undefined:undefined":46,"s:317:8:336:Infinity":129,"b:318:10:335:Infinity:324:10:335:Infinity":47,"s:318:10:335:Infinity":130,"s:319:12:323:Infinity":131,"f:319:31:319:32":16,"b:320:14:322:Infinity:undefined:undefined:undefined:undefined":48,"s:320:14:322:Infinity":132,"b:320:18:320:43:320:43:320:62":49,"s:321:16:321:Infinity":133,"b:324:10:335:Infinity:328:10:335:Infinity":50,"s:324:10:335:Infinity":134,"b:325:12:327:Infinity:undefined:undefined:undefined:undefined":51,"s:325:12:327:Infinity":135,"s:326:14:326:Infinity":136,"b:328:10:335:Infinity:undefined:undefined:undefined:undefined":52,"s:328:10:335:Infinity":137,"b:329:12:331:Infinity:undefined:undefined:undefined:undefined":53,"s:329:12:331:Infinity":138,"b:329:16:329:55:329:55:329:88":54,"s:330:14:330:Infinity":139,"b:332:12:334:Infinity:undefined:undefined:undefined:undefined":55,"s:332:12:334:Infinity":140,"b:332:16:332:53:332:53:332:84":56,"s:333:14:333:Infinity":141,"s:341:4:341:Infinity":142,"s:344:25:344:Infinity":143,"s:347:19:347:Infinity":144,"s:348:18:348:Infinity":145,"s:349:23:349:Infinity":146,"s:352:22:352:Infinity":147,"b:353:4:356:Infinity:undefined:undefined:undefined:undefined":57,"s:353:4:356:Infinity":148,"s:354:29:354:Infinity":149,"s:355:6:355:Infinity":150,"s:359:24:359:Infinity":151,"b:360:4:362:Infinity:undefined:undefined:undefined:undefined":58,"s:360:4:362:Infinity":152,"b:360:8:360:26:360:26:360:53":59,"s:361:6:361:Infinity":153,"s:365:24:365:Infinity":154,"b:366:4:368:Infinity:undefined:undefined:undefined:undefined":60,"s:366:4:368:Infinity":155,"b:366:8:366:26:366:26:366:53":61,"s:367:6:367:Infinity":156,"s:371:22:371:Infinity":157,"b:372:4:374:Infinity:undefined:undefined:undefined:undefined":62,"s:372:4:374:Infinity":158,"s:373:6:373:Infinity":159,"s:377:23:377:Infinity":160,"b:378:4:380:Infinity:undefined:undefined:undefined:undefined":63,"s:378:4:380:Infinity":161,"s:379:6:379:Infinity":162,"s:383:21:391:Infinity":163,"f:391:13:391:14":17,"s:391:23:391:34":164,"s:393:20:393:Infinity":165,"b:396:4:398:Infinity:undefined:undefined:undefined:undefined":64,"s:396:4:398:Infinity":166,"s:397:6:397:Infinity":167,"s:400:4:400:Infinity":168,"b:402:4:404:Infinity:undefined:undefined:undefined:undefined":65,"s:402:4:404:Infinity":169,"b:402:8:402:34:402:34:402:70":66,"s:403:6:403:Infinity":170,"s:405:4:405:Infinity":171,"f:415:9:415:Infinity":18,"s:419:29:419:Infinity":172,"s:420:28:420:Infinity":173,"s:421:27:421:Infinity":174,"s:424:2:428:Infinity":175,"b:425:4:427:Infinity:undefined:undefined:undefined:undefined":67,"s:425:4:427:Infinity":176,"s:426:6:426:Infinity":177,"s:431:2:435:Infinity":178,"b:432:4:434:Infinity:undefined:undefined:undefined:undefined":68,"s:432:4:434:Infinity":179,"s:433:6:433:Infinity":180,"b:438:2:447:Infinity:undefined:undefined:undefined:undefined":69,"s:438:2:447:Infinity":181,"b:438:6:438:28:438:28:438:47":70,"s:439:33:439:Infinity":182,"b:440:4:442:Infinity:undefined:undefined:undefined:undefined":71,"s:440:4:442:Infinity":183,"s:441:6:441:Infinity":184,"b:443:4:445:Infinity:undefined:undefined:undefined:undefined":72,"s:443:4:445:Infinity":185,"s:444:6:444:Infinity":186,"s:446:4:446:Infinity":187,"f:457:22:457:Infinity":19,"s:463:2:473:Infinity":188,"s:464:4:464:Infinity":189,"b:465:4:467:Infinity:undefined:undefined:undefined:undefined":73,"s:465:4:467:Infinity":190,"b:465:8:465:38:465:38:465:57:465:57:465:80":74,"s:466:6:466:Infinity":191,"b:469:4:471:Infinity:undefined:undefined:undefined:undefined":75,"s:469:4:471:Infinity":192,"s:470:6:470:Infinity":193,"s:472:4:472:Infinity":194,"s:476:30:476:Infinity":195,"b:477:2:479:Infinity:undefined:undefined:undefined:undefined":76,"s:477:2:479:Infinity":196,"s:478:4:478:Infinity":197,"b:482:2:484:Infinity:undefined:undefined:undefined:undefined":77,"s:482:2:484:Infinity":198,"s:483:4:483:Infinity":199,"s:487:25:487:Infinity":200,"s:490:2:513:Infinity":201,"b:491:4:512:Infinity:undefined:undefined:undefined:undefined":78,"s:491:4:512:Infinity":202,"b:492:6:511:Infinity:undefined:undefined:undefined:undefined":79,"s:492:6:511:Infinity":203,"b:493:8:510:Infinity:499:8:510:Infinity":80,"s:493:8:510:Infinity":204,"s:494:10:498:Infinity":205,"f:494:34:494:35":20,"b:495:12:497:Infinity:undefined:undefined:undefined:undefined":81,"s:495:12:497:Infinity":206,"b:495:16:495:41:495:41:495:60":82,"s:496:14:496:Infinity":207,"b:499:8:510:Infinity:503:8:510:Infinity":83,"s:499:8:510:Infinity":208,"b:500:10:502:Infinity:undefined:undefined:undefined:undefined":84,"s:500:10:502:Infinity":209,"s:501:12:501:Infinity":210,"b:503:8:510:Infinity:undefined:undefined:undefined:undefined":85,"s:503:8:510:Infinity":211,"b:503:19:503:58:503:58:503:84":86,"b:504:10:506:Infinity:undefined:undefined:undefined:undefined":87,"s:504:10:506:Infinity":212,"b:504:14:504:58:504:58:504:96":88,"s:505:12:505:Infinity":213,"b:507:10:509:Infinity:undefined:undefined:undefined:undefined":89,"s:507:10:509:Infinity":214,"b:507:14:507:56:507:56:507:92":90,"s:508:12:508:Infinity":215,"b:516:2:539:Infinity:undefined:undefined:undefined:undefined":91,"s:516:2:539:Infinity":216,"s:517:4:538:Infinity":217,"b:518:6:537:Infinity:undefined:undefined:undefined:undefined":92,"s:518:6:537:Infinity":218,"b:519:8:536:Infinity:525:8:536:Infinity":93,"s:519:8:536:Infinity":219,"s:520:10:524:Infinity":220,"f:520:29:520:30":21,"b:521:12:523:Infinity:undefined:undefined:undefined:undefined":94,"s:521:12:523:Infinity":221,"b:521:16:521:41:521:41:521:60":95,"s:522:14:522:Infinity":222,"b:525:8:536:Infinity:529:8:536:Infinity":96,"s:525:8:536:Infinity":223,"b:526:10:528:Infinity:undefined:undefined:undefined:undefined":97,"s:526:10:528:Infinity":224,"s:527:12:527:Infinity":225,"b:529:8:536:Infinity:undefined:undefined:undefined:undefined":98,"s:529:8:536:Infinity":226,"b:530:10:532:Infinity:undefined:undefined:undefined:undefined":99,"s:530:10:532:Infinity":227,"b:530:14:530:53:530:53:530:86":100,"s:531:12:531:Infinity":228,"b:533:10:535:Infinity:undefined:undefined:undefined:undefined":101,"s:533:10:535:Infinity":229,"b:533:14:533:51:533:51:533:82":102,"s:534:12:534:Infinity":230,"s:542:2:542:Infinity":231,"s:545:2:545:Infinity":232}}}
,"/Users/pm/bin/claudeCode/bank-insights-hub-62/backend/src/services/queryBuilder/queryLoader.ts": {"path":"/Users/pm/bin/claudeCode/bank-insights-hub-62/backend/src/services/queryBuilder/queryLoader.ts","statementMap":{"0":{"start":{"line":22,"column":17},"end":{"line":22,"column":null}},"1":{"start":{"line":23,"column":2},"end":{"line":43,"column":null}},"2":{"start":{"line":24,"column":19},"end":{"line":31,"column":null}},"3":{"start":{"line":33,"column":4},"end":{"line":35,"column":null}},"4":{"start":{"line":34,"column":6},"end":{"line":34,"column":null}},"5":{"start":{"line":37,"column":4},"end":{"line":40,"column":null}},"6":{"start":{"line":42,"column":4},"end":{"line":42,"column":null}}},"fnMap":{"0":{"name":"loadQueryConfig","decl":{"start":{"line":21,"column":22},"end":{"line":21,"column":38}},"loc":{"start":{"line":21,"column":92},"end":{"line":44,"column":null}},"line":21}},"branchMap":{"0":{"loc":{"start":{"line":33,"column":4},"end":{"line":35,"column":null}},"type":"if","locations":[{"start":{"line":33,"column":4},"end":{"line":35,"column":null}},{"start":{},"end":{}}],"line":33}},"s":{"0":5,"1":5,"2":5,"3":5,"4":2,"5":3,"6":5},"f":{"0":5},"b":{"0":[2,3]},"meta":{"lastBranch":1,"lastFunction":1,"lastStatement":7,"seen":{"f:21:22:21:38":0,"s:22:17:22:Infinity":0,"s:23:2:43:Infinity":1,"s:24:19:31:Infinity":2,"b:33:4:35:Infinity:undefined:undefined:undefined:undefined":0,"s:33:4:35:Infinity":3,"s:34:6:34:Infinity":4,"s:37:4:40:Infinity":5,"s:42:4:42:Infinity":6}}}
,"/Users/pm/bin/claudeCode/bank-insights-hub-62/backend/src/services/queryBuilder/validator.ts": {"path":"/Users/pm/bin/claudeCode/bank-insights-hub-62/backend/src/services/queryBuilder/validator.ts","statementMap":{"0":{"start":{"line":17,"column":25},"end":{"line":17,"column":null}},"1":{"start":{"line":23,"column":2},"end":{"line":23,"column":null}},"2":{"start":{"line":30,"column":2},"end":{"line":30,"column":null}},"3":{"start":{"line":37,"column":2},"end":{"line":39,"column":null}},"4":{"start":{"line":38,"column":4},"end":{"line":38,"column":null}},"5":{"start":{"line":41,"column":2},"end":{"line":43,"column":null}},"6":{"start":{"line":42,"column":4},"end":{"line":42,"column":null}},"7":{"start":{"line":45,"column":2},"end":{"line":47,"column":null}},"8":{"start":{"line":46,"column":4},"end":{"line":46,"column":null}},"9":{"start":{"line":54,"column":2},"end":{"line":56,"column":null}},"10":{"start":{"line":55,"column":4},"end":{"line":55,"column":null}},"11":{"start":{"line":58,"column":2},"end":{"line":115,"column":null}},"12":{"start":{"line":60,"column":6},"end":{"line":62,"column":null}},"13":{"start":{"line":61,"column":8},"end":{"line":61,"column":null}},"14":{"start":{"line":63,"column":6},"end":{"line":65,"column":null}},"15":{"start":{"line":64,"column":8},"end":{"line":64,"column":null}},"16":{"start":{"line":66,"column":6},"end":{"line":66,"column":null}},"17":{"start":{"line":70,"column":25},"end":{"line":70,"column":null}},"18":{"start":{"line":71,"column":6},"end":{"line":73,"column":null}},"19":{"start":{"line":72,"column":8},"end":{"line":72,"column":null}},"20":{"start":{"line":74,"column":6},"end":{"line":76,"column":null}},"21":{"start":{"line":75,"column":8},"end":{"line":75,"column":null}},"22":{"start":{"line":77,"column":6},"end":{"line":79,"column":null}},"23":{"start":{"line":78,"column":8},"end":{"line":78,"column":null}},"24":{"start":{"line":80,"column":6},"end":{"line":82,"column":null}},"25":{"start":{"line":81,"column":8},"end":{"line":81,"column":null}},"26":{"start":{"line":83,"column":6},"end":{"line":83,"column":null}},"27":{"start":{"line":87,"column":25},"end":{"line":87,"column":null}},"28":{"start":{"line":88,"column":6},"end":{"line":90,"column":null}},"29":{"start":{"line":89,"column":8},"end":{"line":89,"column":null}},"30":{"start":{"line":91,"column":6},"end":{"line":93,"column":null}},"31":{"start":{"line":92,"column":8},"end":{"line":92,"column":null}},"32":{"start":{"line":94,"column":6},"end":{"line":96,"column":null}},"33":{"start":{"line":95,"column":8},"end":{"line":95,"column":null}},"34":{"start":{"line":97,"column":23},"end":{"line":97,"column":null}},"35":{"start":{"line":98,"column":6},"end":{"line":100,"column":null}},"36":{"start":{"line":99,"column":8},"end":{"line":99,"column":null}},"37":{"start":{"line":101,"column":6},"end":{"line":103,"column":null}},"38":{"start":{"line":102,"column":8},"end":{"line":102,"column":null}},"39":{"start":{"line":104,"column":6},"end":{"line":106,"column":null}},"40":{"start":{"line":105,"column":8},"end":{"line":105,"column":null}},"41":{"start":{"line":107,"column":6},"end":{"line":109,"column":null}},"42":{"start":{"line":108,"column":8},"end":{"line":108,"column":null}},"43":{"start":{"line":110,"column":6},"end":{"line":110,"column":null}},"44":{"start":{"line":114,"column":6},"end":{"line":114,"column":null}},"45":{"start":{"line":122,"column":2},"end":{"line":124,"column":null}},"46":{"start":{"line":123,"column":4},"end":{"line":123,"column":null}},"47":{"start":{"line":126,"column":2},"end":{"line":128,"column":null}},"48":{"start":{"line":127,"column":4},"end":{"line":127,"column":null}},"49":{"start":{"line":130,"column":19},"end":{"line":130,"column":null}},"50":{"start":{"line":131,"column":2},"end":{"line":133,"column":null}},"51":{"start":{"line":132,"column":4},"end":{"line":132,"column":null}},"52":{"start":{"line":136,"column":2},"end":{"line":138,"column":null}},"53":{"start":{"line":137,"column":4},"end":{"line":137,"column":null}},"54":{"start":{"line":141,"column":2},"end":{"line":146,"column":null}},"55":{"start":{"line":142,"column":4},"end":{"line":144,"column":null}},"56":{"start":{"line":143,"column":6},"end":{"line":143,"column":null}},"57":{"start":{"line":145,"column":4},"end":{"line":145,"column":null}},"58":{"start":{"line":149,"column":2},"end":{"line":154,"column":null}},"59":{"start":{"line":150,"column":4},"end":{"line":152,"column":null}},"60":{"start":{"line":150,"column":95},"end":{"line":150,"column":115}},"61":{"start":{"line":151,"column":6},"end":{"line":151,"column":null}},"62":{"start":{"line":153,"column":4},"end":{"line":153,"column":null}},"63":{"start":{"line":157,"column":2},"end":{"line":159,"column":null}},"64":{"start":{"line":158,"column":4},"end":{"line":158,"column":null}},"65":{"start":{"line":166,"column":2},"end":{"line":168,"column":null}},"66":{"start":{"line":167,"column":4},"end":{"line":167,"column":null}},"67":{"start":{"line":170,"column":2},"end":{"line":172,"column":null}},"68":{"start":{"line":171,"column":4},"end":{"line":171,"column":null}},"69":{"start":{"line":174,"column":2},"end":{"line":176,"column":null}},"70":{"start":{"line":175,"column":4},"end":{"line":175,"column":null}},"71":{"start":{"line":178,"column":2},"end":{"line":180,"column":null}},"72":{"start":{"line":179,"column":4},"end":{"line":179,"column":null}},"73":{"start":{"line":187,"column":21},"end":{"line":187,"column":null}},"74":{"start":{"line":189,"column":2},"end":{"line":213,"column":null}},"75":{"start":{"line":190,"column":4},"end":{"line":192,"column":null}},"76":{"start":{"line":191,"column":6},"end":{"line":191,"column":null}},"77":{"start":{"line":194,"column":23},"end":{"line":194,"column":null}},"78":{"start":{"line":195,"column":4},"end":{"line":197,"column":null}},"79":{"start":{"line":196,"column":6},"end":{"line":196,"column":null}},"80":{"start":{"line":200,"column":4},"end":{"line":212,"column":null}},"81":{"start":{"line":202,"column":22},"end":{"line":202,"column":null}},"82":{"start":{"line":203,"column":6},"end":{"line":205,"column":null}},"83":{"start":{"line":204,"column":8},"end":{"line":204,"column":null}},"84":{"start":{"line":206,"column":4},"end":{"line":212,"column":null}},"85":{"start":{"line":207,"column":6},"end":{"line":207,"column":null}},"86":{"start":{"line":208,"column":4},"end":{"line":212,"column":null}},"87":{"start":{"line":209,"column":6},"end":{"line":209,"column":null}},"88":{"start":{"line":210,"column":4},"end":{"line":212,"column":null}},"89":{"start":{"line":211,"column":6},"end":{"line":211,"column":null}},"90":{"start":{"line":220,"column":2},"end":{"line":300,"column":null}},"91":{"start":{"line":221,"column":4},"end":{"line":223,"column":null}},"92":{"start":{"line":222,"column":6},"end":{"line":222,"column":null}},"93":{"start":{"line":226,"column":4},"end":{"line":226,"column":null}},"94":{"start":{"line":229,"column":4},"end":{"line":231,"column":null}},"95":{"start":{"line":230,"column":6},"end":{"line":230,"column":null}},"96":{"start":{"line":232,"column":4},"end":{"line":234,"column":null}},"97":{"start":{"line":233,"column":6},"end":{"line":233,"column":null}},"98":{"start":{"line":237,"column":4},"end":{"line":239,"column":null}},"99":{"start":{"line":238,"column":6},"end":{"line":238,"column":null}},"100":{"start":{"line":242,"column":4},"end":{"line":251,"column":null}},"101":{"start":{"line":243,"column":6},"end":{"line":245,"column":null}},"102":{"start":{"line":244,"column":8},"end":{"line":244,"column":null}},"103":{"start":{"line":246,"column":6},"end":{"line":250,"column":null}},"104":{"start":{"line":247,"column":8},"end":{"line":249,"column":null}},"105":{"start":{"line":248,"column":10},"end":{"line":248,"column":null}},"106":{"start":{"line":254,"column":4},"end":{"line":269,"column":null}},"107":{"start":{"line":255,"column":6},"end":{"line":257,"column":null}},"108":{"start":{"line":256,"column":8},"end":{"line":256,"column":null}},"109":{"start":{"line":258,"column":6},"end":{"line":268,"column":null}},"110":{"start":{"line":259,"column":8},"end":{"line":261,"column":null}},"111":{"start":{"line":260,"column":10},"end":{"line":260,"column":null}},"112":{"start":{"line":262,"column":8},"end":{"line":264,"column":null}},"113":{"start":{"line":263,"column":10},"end":{"line":263,"column":null}},"114":{"start":{"line":265,"column":8},"end":{"line":267,"column":null}},"115":{"start":{"line":266,"column":10},"end":{"line":266,"column":null}},"116":{"start":{"line":272,"column":4},"end":{"line":274,"column":null}},"117":{"start":{"line":273,"column":6},"end":{"line":273,"column":null}},"118":{"start":{"line":277,"column":4},"end":{"line":279,"column":null}},"119":{"start":{"line":278,"column":6},"end":{"line":278,"column":null}},"120":{"start":{"line":282,"column":4},"end":{"line":284,"column":null}},"121":{"start":{"line":283,"column":6},"end":{"line":283,"column":null}},"122":{"start":{"line":287,"column":4},"end":{"line":292,"column":null}},"123":{"start":{"line":288,"column":6},"end":{"line":290,"column":null}},"124":{"start":{"line":289,"column":8},"end":{"line":289,"column":null}},"125":{"start":{"line":291,"column":6},"end":{"line":291,"column":null}},"126":{"start":{"line":294,"column":4},"end":{"line":294,"column":null}},"127":{"start":{"line":296,"column":4},"end":{"line":298,"column":null}},"128":{"start":{"line":297,"column":6},"end":{"line":297,"column":null}},"129":{"start":{"line":299,"column":4},"end":{"line":299,"column":null}}},"fnMap":{"0":{"name":"isValidIdentifier","decl":{"start":{"line":22,"column":9},"end":{"line":22,"column":27}},"loc":{"start":{"line":22,"column":51},"end":{"line":24,"column":null}},"line":22},"1":{"name":"isValidParamValue","decl":{"start":{"line":29,"column":9},"end":{"line":29,"column":27}},"loc":{"start":{"line":29,"column":48},"end":{"line":31,"column":null}},"line":29},"2":{"name":"validateFrom","decl":{"start":{"line":36,"column":9},"end":{"line":36,"column":22}},"loc":{"start":{"line":36,"column":46},"end":{"line":48,"column":null}},"line":36},"3":{"name":"validateSelectItem","decl":{"start":{"line":53,"column":9},"end":{"line":53,"column":28}},"loc":{"start":{"line":53,"column":52},"end":{"line":116,"column":null}},"line":53},"4":{"name":"validateWhereItem","decl":{"start":{"line":121,"column":9},"end":{"line":121,"column":27}},"loc":{"start":{"line":121,"column":44},"end":{"line":160,"column":null}},"line":121},"5":{"name":"(anonymous_5)","decl":{"start":{"line":150,"column":83},"end":{"line":150,"column":84}},"loc":{"start":{"line":150,"column":95},"end":{"line":150,"column":115}},"line":150},"6":{"name":"validateWhere","decl":{"start":{"line":165,"column":9},"end":{"line":165,"column":23}},"loc":{"start":{"line":165,"column":49},"end":{"line":181,"column":null}},"line":165},"7":{"name":"validateParamTypes","decl":{"start":{"line":186,"column":9},"end":{"line":186,"column":28}},"loc":{"start":{"line":186,"column":102},"end":{"line":214,"column":null}},"line":186},"8":{"name":"validateConfig","decl":{"start":{"line":219,"column":16},"end":{"line":219,"column":31}},"loc":{"start":{"line":219,"column":67},"end":{"line":301,"column":null}},"line":219}},"branchMap":{"0":{"loc":{"start":{"line":30,"column":9},"end":{"line":30,"column":null}},"type":"binary-expr","locations":[{"start":{"line":30,"column":9},"end":{"line":30,"column":38}},{"start":{"line":30,"column":38},"end":{"line":30,"column":63}},{"start":{"line":30,"column":63},"end":{"line":30,"column":null}}],"line":30},"1":{"loc":{"start":{"line":37,"column":2},"end":{"line":39,"column":null}},"type":"if","locations":[{"start":{"line":37,"column":2},"end":{"line":39,"column":null}},{"start":{},"end":{}}],"line":37},"2":{"loc":{"start":{"line":37,"column":6},"end":{"line":37,"column":41}},"type":"binary-expr","locations":[{"start":{"line":37,"column":6},"end":{"line":37,"column":15}},{"start":{"line":37,"column":15},"end":{"line":37,"column":41}}],"line":37},"3":{"loc":{"start":{"line":41,"column":2},"end":{"line":43,"column":null}},"type":"if","locations":[{"start":{"line":41,"column":2},"end":{"line":43,"column":null}},{"start":{},"end":{}}],"line":41},"4":{"loc":{"start":{"line":41,"column":6},"end":{"line":41,"column":74}},"type":"binary-expr","locations":[{"start":{"line":41,"column":6},"en
[...]
117:4:119:Infinity:undefined:undefined:undefined:undefined":11,"s:117:4:119:Infinity":35,"s:118:6:118:Infinity":36,"s:122:20:124:Infinity":37,"b:123:8:123:Infinity:124:8:124:Infinity":12,"b:126:4:130:Infinity:undefined:undefined:undefined:undefined":13,"s:126:4:130:Infinity":38,"s:127:6:129:Infinity":39,"s:133:22:133:Infinity":40,"s:134:30:134:Infinity":41,"s:135:4:140:Infinity":42,"f:135:48:135:49":6,"s:136:20:136:Infinity":43,"b:137:6:139:Infinity:undefined:undefined:undefined:undefined":14,"s:137:6:139:Infinity":44,"s:138:8:138:Infinity":45,"b:142:4:144:Infinity:undefined:undefined:undefined:undefined":15,"s:142:4:144:Infinity":46,"s:143:6:143:Infinity":47,"s:147:30:147:Infinity":48,"s:148:4:205:Infinity":49,"f:148:22:148:23":7,"b:149:6:149:Infinity:undefined:undefined:undefined:undefined":16,"s:149:6:149:Infinity":50,"s:149:27:149:Infinity":51,"s:151:33:151:Infinity":52,"s:152:20:152:Infinity":53,"s:154:6:199:Infinity":54,"f:154:44:154:45":8,"s:155:28:155:Infinity":55,"b:156:8:198:Infinity:undefined:undefined:undefined:undefined":17,"s:156:8:198:Infinity":56,"s:157:25:157:Infinity":57,"s:158:24:158:Infinity":58,"b:161:10:197:Infinity:163:10:197:Infinity":18,"s:161:10:197:Infinity":59,"b:161:14:161:32:161:32:161:53":19,"s:162:12:162:Infinity":60,"b:163:10:197:Infinity:167:10:197:Infinity":20,"s:163:10:197:Infinity":61,"s:165:12:165:Infinity":62,"s:166:12:166:Infinity":63,"b:167:10:197:Infinity:184:10:197:Infinity":21,"s:167:10:197:Infinity":64,"b:169:12:183:Infinity:179:19:183:Infinity":22,"s:169:12:183:Infinity":65,"b:169:16:169:33:169:33:169:49":23,"s:170:20:170:Infinity":66,"b:171:14:178:Infinity:174:21:178:Infinity":24,"s:171:14:178:Infinity":67,"s:172:16:172:Infinity":68,"s:173:16:173:Infinity":69,"s:176:16:176:Infinity":70,"s:177:16:177:Infinity":71,"s:181:14:181:Infinity":72,"s:182:14:182:Infinity":73,"b:184:10:197:Infinity:194:17:197:Infinity":25,"s:184:10:197:Infinity":74,"s:185:28:185:Infinity":75,"b:186:12:193:Infinity:191:17:193:Infinity":26,"s:186:12:193:Infinity":76,"s:188:31:188:Infinity":77,"s:189:14:189:Infinity":78,"b:189:50:189:60:189:60:189:Infinity":27,"s:190:14:190:Infinity":79,"s:192:14:192:Infinity":80,"s:195:12:195:Infinity":81,"b:195:30:195:59:195:59:195:Infinity":28,"b:196:12:196:Infinity:undefined:undefined:undefined:undefined":29,"s:196:12:196:Infinity":82,"s:196:33:196:Infinity":83,"b:202:6:204:Infinity:undefined:undefined:undefined:undefined":30,"s:202:6:204:Infinity":84,"s:203:8:203:Infinity":85,"s:207:4:212:Infinity":86,"b:214:4:216:Infinity:undefined:undefined:undefined:undefined":31,"s:214:4:216:Infinity":87,"s:215:6:215:Infinity":88,"s:217:4:217:Infinity":89,"f:228:22:228:Infinity":9,"s:233:8:233:Infinity":90,"b:235:2:239:Infinity:undefined:undefined:undefined:undefined":32,"s:235:2:239:Infinity":91,"s:236:4:238:Infinity":92,"b:241:2:245:Infinity:243:9:245:Infinity":33,"s:241:2:245:Infinity":93,"s:242:4:242:Infinity":94,"s:244:4:244:Infinity":95,"f:254:16:254:Infinity":10,"s:258:28:258:Infinity":96,"s:261:23:261:Infinity":97,"f:261:35:261:36":11,"s:261:42:261:57":98,"s:263:2:268:Infinity":99,"b:265:4:267:Infinity:undefined:undefined:undefined:undefined":34,"s:265:4:267:Infinity":100,"s:266:6:266:Infinity":101,"s:270:2:273:Infinity":102}}}
,"/Users/pm/bin/claudeCode/bank-insights-hub-62/backend/src/utils/dateUtils.ts": {"path":"/Users/pm/bin/claudeCode/bank-insights-hub-62/backend/src/utils/dateUtils.ts","statementMap":{"0":{"start":{"line":11,"column":20},"end":{"line":11,"column":null}},"1":{"start":{"line":12,"column":2},"end":{"line":14,"column":null}},"2":{"start":{"line":13,"column":4},"end":{"line":13,"column":null}},"3":{"start":{"line":16,"column":15},"end":{"line":16,"column":null}},"4":{"start":{"line":17,"column":2},"end":{"line":20,"column":null}},"5":{"start":{"line":32,"column":2},"end":{"line":34,"column":null}},"6":{"start":{"line":33,"column":4},"end":{"line":33,"column":null}},"7":{"start":{"line":39,"column":29},"end":{"line":39,"column":null}},"8":{"start":{"line":40,"column":21},"end":{"line":40,"column":null}},"9":{"start":{"line":43,"column":15},"end":{"line":43,"column":null}},"10":{"start":{"line":45,"column":2},"end":{"line":45,"column":null}},"11":{"start":{"line":61,"column":2},"end":{"line":63,"column":null}},"12":{"start":{"line":62,"column":4},"end":{"line":62,"column":null}},"13":{"start":{"line":66,"column":2},"end":{"line":72,"column":null}},"14":{"start":{"line":68,"column":4},"end":{"line":70,"column":null}},"15":{"start":{"line":69,"column":6},"end":{"line":69,"column":null}},"16":{"start":{"line":71,"column":4},"end":{"line":71,"column":null}},"17":{"start":{"line":74,"column":2},"end":{"line":76,"column":null}},"18":{"start":{"line":75,"column":4},"end":{"line":75,"column":null}},"19":{"start":{"line":79,"column":2},"end":{"line":81,"column":null}},"20":{"start":{"line":80,"column":4},"end":{"line":80,"column":null}},"21":{"start":{"line":84,"column":19},"end":{"line":84,"column":null}},"22":{"start":{"line":85,"column":17},"end":{"line":85,"column":null}},"23":{"start":{"line":86,"column":2},"end":{"line":89,"column":null}},"24":{"start":{"line":87,"column":33},"end":{"line":87,"column":null}},"25":{"start":{"line":88,"column":4},"end":{"line":88,"column":null}},"26":{"start":{"line":92,"column":16},"end":{"line":92,"column":null}},"27":{"start":{"line":93,"column":17},"end":{"line":93,"column":null}},"28":{"start":{"line":94,"column":2},"end":{"line":107,"column":null}},"29":{"start":{"line":95,"column":35},"end":{"line":95,"column":null}},"30":{"start":{"line":97,"column":18},"end":{"line":97,"column":null}},"31":{"start":{"line":98,"column":18},"end":{"line":98,"column":null}},"32":{"start":{"line":101,"column":4},"end":{"line":103,"column":null}},"33":{"start":{"line":102,"column":6},"end":{"line":102,"column":null}},"34":{"start":{"line":104,"column":4},"end":{"line":106,"column":null}},"35":{"start":{"line":105,"column":6},"end":{"line":105,"column":null}},"36":{"start":{"line":110,"column":15},"end":{"line":110,"column":null}},"37":{"start":{"line":111,"column":2},"end":{"line":113,"column":null}},"38":{"start":{"line":112,"column":4},"end":{"line":112,"column":null}},"39":{"start":{"line":115,"column":2},"end":{"line":115,"column":null}},"40":{"start":{"line":124,"column":15},"end":{"line":124,"column":null}},"41":{"start":{"line":125,"column":16},"end":{"line":125,"column":null}},"42":{"start":{"line":126,"column":14},"end":{"line":126,"column":null}},"43":{"start":{"line":127,"column":2},"end":{"line":127,"column":null}},"44":{"start":{"line":140,"column":14},"end":{"line":140,"column":null}},"45":{"start":{"line":141,"column":18},"end":{"line":141,"column":null}},"46":{"start":{"line":142,"column":18},"end":{"line":142,"column":null}},"47":{"start":{"line":144,"column":2},"end":{"line":144,"column":null}}},"fnMap":{"0":{"name":"isValidDateFormat","decl":{"start":{"line":10,"column":16},"end":{"line":10,"column":34}},"loc":{"start":{"line":10,"column":63},"end":{"line":22,"column":null}},"line":10},"1":{"name":"excelSerialToDate","decl":{"start":{"line":31,"column":16},"end":{"line":31,"column":34}},"loc":{"start":{"line":31,"column":63},"end":{"line":46,"column":null}},"line":31},"2":{"name":"parseDate","decl":{"start":{"line":60,"column":16},"end":{"line":60,"column":26}},"loc":{"start":{"line":60,"column":68},"end":{"line":116,"column":null}},"line":60},"3":{"name":"formatDateForSQL","decl":{"start":{"line":123,"column":16},"end":{"line":123,"column":33}},"loc":{"start":{"line":123,"column":53},"end":{"line":128,"column":null}},"line":123},"4":{"name":"isValidDateRange","decl":{"start":{"line":136,"column":16},"end":{"line":136,"column":null}},"loc":{"start":{"line":139,"column":11},"end":{"line":145,"column":null}},"line":139}},"branchMap":{"0":{"loc":{"start":{"line":12,"column":2},"end":{"line":14,"column":null}},"type":"if","locations":[{"start":{"line":12,"column":2},"end":{"line":14,"column":null}},{"start":{},"end":{}}],"line":12},"1":{"loc":{"start":{"line":18,"column":4},"end":{"line":20,"column":null}},"type":"binary-expr","locations":[{"start":{"line":18,"column":4},"end":{"line":18,"column":null}},{"start":{"line":19,"column":4},"end":{"line":19,"column":null}},{"start":{"line":20,"column":4},"end":{"line":20,"column":null}}],"line":18},"2":{"loc":{"start":{"line":32,"column":2},"end":{"line":34,"column":null}},"type":"if","locations":[{"start":{"line":32,"column":2},"end":{"line":34,"column":null}},{"start":{},"end":{}}],"line":32},"3":{"loc":{"start":{"line":32,"column":6},"end":{"line":32,"column":65}},"type":"binary-expr","locations":[{"start":{"line":32,"column":6},"end":{"line":32,"column":36}},{"start":{"line":32,"column":36},"end":{"line":32,"column":53}},{"start":{"line":32,"column":53},"end":{"line":32,"column":65}}],"line":32},"4":{"loc":{"start":{"line":61,"column":2},"end":{"line":63,"column":null}},"type":"if","locations":[{"start":{"line":61,"column":2},"end":{"line":63,"column":null}},{"start":{},"end":{}}],"line":61},"5":{"loc":{"start":{"line":61,"column":6},"end":{"line":61,"column":55}},"type":"binary-expr","locations":[{"start":{"line":61,"column":6},"end":{"line":61,"column":29}},{"start":{"line":61,"column":29},"end":{"line":61,"column":55}}],"line":61},"6":{"loc":{"start":{"line":66,"column":2},"end":{"line":72,"column":null}},"type":"if","locations":[{"start":{"line":66,"column":2},"end":{"line":72,"column":null}},{"start":{},"end":{}}],"line":66},"7":{"loc":{"start":{"line":68,"column":4},"end":{"line":70,"column":null}},"type":"if","locations":[{"start":{"line":68,"column":4},"end":{"line":70,"column":null}},{"start":{},"end":{}}],"line":68},"8":{"loc":{"start":{"line":68,"column":8},"end":{"line":68,"column":51}},"type":"binary-expr","locations":[{"start":{"line":68,"column":8},"end":{"line":68,"column":30}},{"start":{"line":68,"column":30},"end":{"line":68,"column":51}}],"line":68},"9":{"loc":{"start":{"line":74,"column":2},"end":{"line":76,"column":null}},"type":"if","locations":[{"start":{"line":74,"column":2},"end":{"line":76,"column":null}},{"start":{},"end":{}}],"line":74},"10":{"loc":{"start":{"line":79,"column":2},"end":{"line":81,"column":null}},"type":"if","locations":[{"start":{"line":79,"column":2},"end":{"line":81,"column":null}},{"start":{},"end":{}}],"line":79},"11":{"loc":{"start":{"line":86,"column":2},"end":{"line":89,"column":null}},"type":"if","locations":[{"start":{"line":86,"column":2},"end":{"line":89,"column":null}},{"start":{},"end":{}}],"line":86},"12":{"loc":{"start":{"line":94,"column":2},"end":{"line":107,"column":null}},"type":"if","locations":[{"start":{"line":94,"column":2},"end":{"line":107,"column":null}},{"start":{},"end":{}}],"line":94},"13":{"loc":{"start":{"line":101,"column":4},"end":{"line":103,"column":null}},"type":"if","locations":[{"start":{"line":101,"column":4},"end":{"line":103,"column":null}},{"start":{},"end":{}}],"line":101},"14":{"loc":{"start":{"line":101,"column":8},"end":{"line":101,"column":72}},"type":"binary-expr","locations":[{"start":{"line":101,"column":8},"end":{"line":101,"column":35}},{"start":{"line":101,"column":35},"end":{"line":101,"column":72}}],"line":101},"15":{"loc":{"start":{"line":104,"column":4},"end":{"line":106,"column":null}},"type":"if","locations":[{"start":{"line":104,"column":4},"end":{"line":106,"column":null}},{"start":{},"end":{}}],"line":104},"16":{"loc":{"start":{"line":104,"column":8},"end":{"line":104,"column":77}},"type":"binary-expr","locations":[{"start":{"line":104,"column":8},"end":{"line":104,"column":35}},{"start":{"line":104,"column":35},"end":{"line":104,"column":77}}],"line":104},"17":{"loc":{"start":{"line":111,"column":2},"end":{"line":113,"column":null}},"type":"if","locations":[{"start":{"line":111,"column":2},"end":{"line":113,"column":null}},{"start":{},"end":{}}],"line":111},"18":{"loc":{"start":{"line":111,"column":6},"end":{"line":111,"column":54}},"type":"binary-expr","locations":[{"start":{"line":111,"column":6},"end":{"line":111,"column":30}},{"start":{"line":111,"column":30},"end":{"line":111,"column":54}}],"line":111},"19":{"loc":{"start":{"line":138,"column":2},"end":{"line":138,"column":null}},"type":"default-arg","locations":[{"start":{"line":138,"column":19},"end":{"line":138,"column":null}}],"line":138},"20":{"loc":{"start":{"line":144,"column":9},"end":{"line":144,"column":null}},"type":"binary-expr","locations":[{"start":{"line":144,"column":9},"end":{"line":144,"column":28}},{"start":{"line":144,"column":28},"end":{"line":144,"column":null}}],"line":144}},"s":{"0":17,"1":17,"2":10,"3":7,"4":7,"5":7,"6":3,"7":4,"8":4,"9":4,"10":4,"11":10,"12":2,"13":8,"14":3,"15":1,"16":2,"17":5,"18":0,"19":5,"20":1,"21":4,"22":4,"23":4,"24":1,"25":1,"26":3,"27":3,"28":3,"29":0,"30":0,"31":0,"32":0,"33":0,"34":0,"35":0,"36":3,"37":3,"38":1,"39":2,"40":2,"41":2,"42":2,"43":2,"44":5,"45":5,"46":5,"47":5},"f":{"0":17,"1":7,"2":10,"3":2,"4":5},"b":{"0":[10,7],"1":[7,7,5],"2":[3,4],"3":[7,7,6],"4":[2,8],"5":[10,9],"6":[3,5],"7":[1,2],"8":[3,2],"9":[0,5],"10":[1,4],"11":[1,3],"12":[0,3],"13":[0,0],"14":[0,0],"15":[0,0],"16":[0,0],"17":[1,2],"18":[3,3],"19":[5],"20":[5,3]},"meta":{"lastBranch":21,"lastFunction":5,"lastStatement":48,"seen":{"f:10:16:10:34":0,"s:11:20:11:Infinity":0,"b:12:2:14:Infinity:undefined:undefined:undefined:undefined":0,"s:12:2:14:Infinity":1,"s:13:4:13:Infinity":2,"s:16:15:16:Infinity":3,"s:17:2:20:Infinity":4,"b:18:4:18:Infinity:19:4:19:Infinity:20:4:20:Infinity":1,"f:31:16:31:34":1,"b:32:2:34:Infinity:undefined:undefined:undefined:undefined":2,"s:32:2:34:Infinity":5,"b:32:6:32:36:32:36:32:53:32:53:32:65":3,"s:33:4:33:Infinity":6,"s:39:29:39:Infinity":7,"s:40:21:40:Infinity":8,"s:43:15:43:Infinity":9,"s:45:2:45:Infinity":10,"f:60:16:60:26":2,"b:61:2:63:Infinity:undefined:undefined:undefined:undefined":4,"s:61:2:63:Infinity":11,"b:61:6:61:29:61:29:61:55":5,"s:62:4:62:Infinity":12,"b:66:2:72:Infinity:undefined:undefined:undefined:undefined":6,"s:66:2:72:Infinity":13,"b:68:4:70:Infinity:undefined:undefined:undefined:undefined":7,"s:68:4:70:Infinity":14,"b:68:8:68:30:68:30:68:51":8,"s:69:6:69:Infinity":15,"s:71:4:71:Infinity":16,"b:74:2:76:Infinity:undefined:undefined:undefined:undefined":9,"s:74:2:76:Infinity":17,"s:75:4:75:Infinity":18,"b:79:2:81:Infinity:undefined:undefined:undefined:undefined":10,"s:79:2:81:Infinity":19,"s:80:4:80:Infinity":20,"s:84:19:84:Infinity":21,"s:85:17:85:Infinity":22,"b:86:2:89:Infinity:undefined:undefined:undefined:undefined":11,"s:86:2:89:Infinity":23,"s:87:33:87:Infinity":24,"s:88:4:88:Infinity":25,"s:92:16:92:Infinity":26,"s:93:17:93:Infinity":27,"b:94:2:107:Infinity:undefined:undefined:undefined:undefined":12,"s:94:2:107:Infinity":28,"s:95:35:95:Infinity":29,"s:97:18:97:Infinity":30,"s:98:18:98:Infinity":31,"b:101:4:103:Infinity:undefined:undefined:undefined:undefined":13,"s:101:4:103:Infinity":32,"b:101:8:101:35:101:35:101:72":14,"s:102:6:102:Infinity":33,"b:104:4:106:Infinity:undefined:undefined:undefined:undefined":15,"s:104:4:106:Infinity":34,"b:104:8:104:35:104:35:104:77":16,"s:105:6:105:Infinity":35,"s:110:15:110:Infinity":36,"b:111:2:113:Infinity:undefined:undefined:undefined:undefined":17,"s:111:2:113:Infinity":37,"b:111:6:111:30:111:30:111:54":18,"s:112:4:112:Infinity":38,"s:115:2:115:Infinity":39,"f:123:16:123:33":3,"s:124:15:124:Infinity":40,"s:125:16:125:Infinity":41,"s:126:14:126:Infinity":42,"s:127:2:127:Infinity":43,"f:136:16:136:Infinity":4,"b:138:19:138:Infinity":19,"s:140:14:140:Infinity":44,"s:141:18:141:Infinity":45,"s:142:18:142:Infinity":46,"s:144:2:144:Infinity":47,"b:144:9:144:28:144:28:144:Infinity":20}}}
,"/Users/pm/bin/claudeCode/bank-insights-hub-62/backend/src/utils/fileUtils.ts": {"path":"/Users/pm/bin/claudeCode/bank-insights-hub-62/backend/src/utils/fileUtils.ts","statementMap":{"0":{"start":{"line":14,"column":8},"end":{"line":14,"column":null}},"1":{"start":{"line":15,"column":8},"end":{"line":15,"column":null}},"2":{"start":{"line":16,"column":8},"end":{"line":20,"column":null}},"3":{"start":{"line":21,"column":2},"end":{"line":21,"column":null}},"4":{"start":{"line":34,"column":8},"end":{"line":34,"column":null}},"5":{"start":{"line":35,"column":2},"end":{"line":35,"column":null}},"6":{"start":{"line":43,"column":2},"end":{"line":45,"column":null}},"7":{"start":{"line":44,"column":4},"end":{"line":44,"column":null}},"8":{"start":{"line":54,"column":8},"end":{"line":54,"column":null}},"9":{"start":{"line":55,"column":2},"end":{"line":55,"column":null}},"10":{"start":{"line":55,"column":21},"end":{"line":55,"column":null}},"11":{"start":{"line":56,"column":2},"end":{"line":56,"column":null}},"12":{"start":{"line":56,"column":39},"end":{"line":56,"column":null}},"13":{"start":{"line":57,"column":2},"end":{"line":57,"column":null}},"14":{"start":{"line":72,"column":8},"end":{"line":72,"column":null}},"15":{"start":{"line":73,"column":2},"end":{"line":73,"column":null}},"16":{"start":{"line":74,"column":2},"end":{"line":74,"column":null}}},"fnMap":{"0":{"name":"generateTimestampFilename","decl":{"start":{"line":13,"column":16},"end":{"line":13,"column":42}},"loc":{"start":{"line":13,"column":76},"end":{"line":22,"column":null}},"line":13},"1":{"name":"checkFileExtension","decl":{"start":{"line":30,"column":16},"end":{"line":30,"column":null}},"loc":{"start":{"line":33,"column":11},"end":{"line":36,"column":null}},"line":33},"2":{"name":"ensureDirectoryExists","decl":{"start":{"line":42,"column":16},"end":{"line":42,"column":38}},"loc":{"start":{"line":42,"column":61},"end":{"line":46,"column":null}},"line":42},"3":{"name":"getFileType","decl":{"start":{"line":53,"column":16},"end":{"line":53,"column":28}},"loc":{"start":{"line":53,"column":74},"end":{"line":58,"column":null}},"line":53},"4":{"name":"getProcessedFilePath","decl":{"start":{"line":67,"column":16},"end":{"line":67,"column":null}},"loc":{"start":{"line":71,"column":10},"end":{"line":75,"column":null}},"line":71}},"branchMap":{"0":{"loc":{"start":{"line":43,"column":2},"end":{"line":45,"column":null}},"type":"if","locations":[{"start":{"line":43,"column":2},"end":{"line":45,"column":null}},{"start":{},"end":{}}],"line":43},"1":{"loc":{"start":{"line":55,"column":2},"end":{"line":55,"column":null}},"type":"if","locations":[{"start":{"line":55,"column":2},"end":{"line":55,"column":null}},{"start":{},"end":{}}],"line":55},"2":{"loc":{"start":{"line":56,"column":2},"end":{"line":56,"column":null}},"type":"if","locations":[{"start":{"line":56,"column":2},"end":{"line":56,"column":null}},{"start":{},"end":{}}],"line":56},"3":{"loc":{"start":{"line":56,"column":6},"end":{"line":56,"column":39}},"type":"binary-expr","locations":[{"start":{"line":56,"column":6},"end":{"line":56,"column":24}},{"start":{"line":56,"column":24},"end":{"line":56,"column":39}}],"line":56},"4":{"loc":{"start":{"line":70,"column":2},"end":{"line":70,"column":null}},"type":"default-arg","locations":[{"start":{"line":70,"column":20},"end":{"line":70,"column":null}}],"line":70}},"s":{"0":4,"1":4,"2":4,"3":4,"4":6,"5":6,"6":4,"7":2,"8":9,"9":9,"10":2,"11":7,"12":3,"13":4,"14":2,"15":2,"16":2},"f":{"0":4,"1":6,"2":4,"3":9,"4":2},"b":{"0":[2,2],"1":[2,7],"2":[3,4],"3":[7,5],"4":[2]},"meta":{"lastBranch":5,"lastFunction":5,"lastStatement":17,"seen":{"f:13:16:13:42":0,"s:14:8:14:Infinity":0,"s:15:8:15:Infinity":1,"s:16:8:20:Infinity":2,"s:21:2:21:Infinity":3,"f:30:16:30:Infinity":1,"s:34:8:34:Infinity":4,"s:35:2:35:Infinity":5,"f:42:16:42:38":2,"b:43:2:45:Infinity:undefined:undefined:undefined:undefined":0,"s:43:2:45:Infinity":6,"s:44:4:44:Infinity":7,"f:53:16:53:28":3,"s:54:8:54:Infinity":8,"b:55:2:55:Infinity:undefined:undefined:undefined:undefined":1,"s:55:2:55:Infinity":9,"s:55:21:55:Infinity":10,"b:56:2:56:Infinity:undefined:undefined:undefined:undefined":2,"s:56:2:56:Infinity":11,"b:56:6:56:24:56:24:56:39":3,"s:56:39:56:Infinity":12,"s:57:2:57:Infinity":13,"f:67:16:67:Infinity":4,"b:70:20:70:Infinity":4,"s:72:8:72:Infinity":14,"s:73:2:73:Infinity":15,"s:74:2:74:Infinity":16}}}
}
